2021-06-28 13:52:38,606 INFO: [SortList] [f129efa5-6bfe-4f33-a053-09989a20f88f]: Start
2021-06-28 13:52:39,098 INFO: [SortList] [68b1ea0a-30d7-47f1-895e-88865a001f47]: Start
2021-06-28 13:52:39,350 INFO: [FindLowestPrice] [a8450a94-3f59-403b-bf73-d97cedddc5f2]: Start
2021-06-28 13:52:39,415 INFO: [GetUserInfo] [68e76a27-75d3-468f-81bf-b5ce6614b56a]: Start
2021-06-28 13:52:39,889 INFO: [SortList] [8243335d-a941-437c-a9f5-56a16d58a44b]: Start
2021-06-28 13:52:39,934 INFO: [SortList] [f129efa5-6bfe-4f33-a053-09989a20f88f]: End
2021-06-28 13:52:40,007 INFO: [Logout] [33f31b14-99d5-496c-9798-42f5f5e35f0e]: Start
2021-06-28 13:52:40,233 INFO: [Logout] [dcbbcb45-6c92-4574-8792-c791b7ef9db5]: Start
2021-06-28 13:52:40,336 INFO: [Logout] [21148d5e-0c21-444f-8e2c-569902483399]: Start
2021-06-28 13:52:40,589 INFO: [SortList] [47c67742-321d-4e27-9d16-ef745dc18aeb]: Start
2021-06-28 13:52:40,594 INFO: [GetUserInfo] [68e76a27-75d3-468f-81bf-b5ce6614b56a]: End
2021-06-28 13:52:40,688 INFO: [FindLowestPrice] [a8450a94-3f59-403b-bf73-d97cedddc5f2]: End
2021-06-28 13:52:40,801 INFO: [Login] [01e5bc4b-d624-4573-a8d5-fa1116dc3b08]: Start
2021-06-28 13:52:40,806 INFO: [SortList] [2183416e-6085-4977-9c9e-6a38b8fc279e]: Start
2021-06-28 13:52:40,815 INFO: [UpdateUser] [cfa4269a-7185-40d9-8dc3-f7af8739e84e]: Start
2021-06-28 13:52:40,823 INFO: [Logout] [26afb86f-3faf-4729-bb16-dd1e9260069d]: Start
2021-06-28 13:52:41,022 INFO: [SortList] [68b1ea0a-30d7-47f1-895e-88865a001f47]: End
2021-06-28 13:52:41,346 INFO: [AddItem] [4f05e544-5533-48a6-91f5-1cc3e5f52e2a]: Start
2021-06-28 13:52:41,356 INFO: [SortList] [f7407141-71f6-4880-a646-842cb509ca05]: Start
2021-06-28 13:52:41,410 INFO: [Logout] [21148d5e-0c21-444f-8e2c-569902483399]: End
2021-06-
2021-06-28 13:52:42,678 INFO: [UpdateUser] [4435709f-562d-4b2d-824d-aa3eec01823b]: Start
2021-06-28 13:52:42,736 INFO: [DeleteItem] [494729a1-c634-4b61-b3ae-ae9630297756]: Start
2021-06-28 13:52:42,782 INFO: [Login] [01e5bc4b-d624-4573-a8d5-fa1116dc3b08]: End
2021-06-28 13:52:42,832 INFO: [GetUserInfo] [ae26fa3c-bb9c-4ecd-aae5-c95e9eee5f06]: Start
2021-06-28 13:52:42,887 INFO: [Login] [4c1b262e-6b36-4c21-b09b-ccc84d7c599a]: Start
2021-06-28 13:52:42,897 INFO: [FindLowestPrice] [0d2ff34f-df10-445d-b46a-5ba686f323b8]: Start
2021-06-28 13:52:42,901 INFO: [FindLowestPrice] [53097792-ad14-45d0-8e78-235a28ef238b]: Start
2021-06-28 13:52:42,924 INFO: [SortList] [72782581-ebca-47ec-ad20-b6f0fa594367]: End
2021-06-28 13:52:42,967 INFO: [SortList] [0eaf844c-59d8-4538-9283-2a4e9406da94]: Start
2021-06-28 13:52:42,974 INFO: [Login] [3b5474c3-7f7f-41f7-9b2a-5f17ae20cf41]: End
2021-06-28 13:52:42,984 INFO: [UpdateUser] [ecf0416d-de88-46fb-99e6-54042f7dc9bf]: Start
2021-06-28 13:52:43,025 INFO: [SortList] [5b4f094a-1aa7-411f-b2f8-2988feb5a35e]: End
2021-06-28 13:52:43,065 INFO: [FindLowestPrice] [2ae2b087-08a1-4562-aea7-2442067b3577]: Start
2021-06-28 13:52:43,069 INFO: [Login] [4b4834b5-2a14-488d-9474-13c71787705b]: Start
2021-06-28 13:52:43,076 INFO: [AddItem] [db09c3ad-199e-4174-a252-cbfb38edf4d1]: End
2021-06-28 13:52:43,101 INFO: [Login] [c87b44f8-11bd-48c4-a400-5437eef6a280]: Start
2021-06-28 13:52:43,113 INFO: [DeleteItem] [1fd9ee43-f5e3-4c5d-9b46-b426aad8aed8]: Start
2021-06-28 13:52:43,114 INFO: [AddItem] [71324546-c99f-469f-bd82-59c2905a0f02]: Start
2021-06-28 13:52:43,132 INFO: [SortList] [0ac87567-f8ba-4493-b6c3-0da45c84b53e]: Start
2021-06-28 13:52:43,172 INFO: [AddItem] [6d621368-6d26-46a0-821e-879c9b0f72f3]: End
2021-06-28 13:52:43,211 INFO: [UpdateUser] [17688487-84e9-452d-bbfc-3367ffc796fb]: Start
2021-06-28 13:52:43,349 INFO: [UpdateUser] [4f363ac3-32c0-4c97-953b-6c938362bad6]: Start
2021-06-28 13:52:43,409 INFO: [DeleteItem] [56264ad6-7a5f-4a2d-9d58-4d09688b4faf]: Start
2021-06-28 13:52:43,482 INFO: [GetUserInfo] [82ae72f6-df8a-4c1d-ba04-2c85ae0359cb]: Start
2021-06-28 13:52:43,516 INFO: [Login] [9682279d-64a4-4bc1-b336-daee70950094]: End
2021-06-28 13:52:43,572 INFO: [Login] [ed75e9ad-d72b-4639-823f-13580a11ccf0]: Start
2021-06-28 13:52:43,618 INFO: [UpdateUser] [a7ac59c1-da90-4b2a-aaf2-3e0ee82fb1ea]: Start
2021-06-28 13:52:43,650 INFO: [Login] [e23f9caf-5a87-4908-b268-98fe81a8e94b]: Start
2021-06-28 13:52:43,670 INFO: [SortList] [96f6ab10-4f12-45b3-bf23-87c0b6376348]: Start
2021-06-28 13:52:43,675 INFO: [AddItem] [c3f0d288-ab1f-4ba2-ac5c-066c25e959e9]: Start
2021-06-28 13:52:43,702 INFO: [SortList] [221b3255-c75d-4645-94bb-013b6a3aec2b]: Start
2021-06-28 13:52:43,783 INFO: [UpdateUser] [279c8aaa-a832-430f-8a71-93fc17e74497]: End
2021-06-28 13:52:43,797 INFO: [Login] [9d37c5d8-ca1d-43f4-aab1-1c7ce4304140]: End
2021-06-28 13:52:43,843 INFO: [AddItem] [36024d6c-062f-4eef-91bd-2a0bd43e6ca8]: Start
2021-06-28 13:52:43,848 INFO: [SortList] [ecc380a0-a9ca-4f40-8b15-2d57cfa57ab6]: End
2021-06-28 13:52:43,858 INFO: [AddItem] [7a3fd83c-beca-456f-9976-ac4e6f749b9f]: End
2021-06-28 13:52:43,864 INFO: [FindLowestPrice] [aabecdaa-1f8c-4aa8-85b6-9c1889bf5cf2]: End
2021-06-28 13:52:43,945 INFO: [SortList] [063c8fb1-3f18-4a72-aba3-604d8f2f1782]: Start
2021-06-28 13:52:43,957 INFO: [FindLowestPrice] [0d2ff34f-df10-445d-b46a-5ba686f323b8]: End
2021-06-28 13:52:43,969 INFO: [AddItem] [1de70800-1b13-442d-b33c-e4d2d7dc211a]: End
2021-06-28 13:52:43,977 INFO: [UpdateUser] [00fe7530-0c07-4295-acda-e896d0aba837]: Start
2021-06-28 13:52:43,988 INFO: [FindLowestPrice] [d485bd4c-b91f-4da8-8b71-b543aa76fb6e]: End
2021-06-28 13:52:44,011 INFO: [Logout] [625bb654-6a5b-436a-a450-d2cd09e58eeb]: Start
2021-06-28 13:52:44,057 INFO: [Login] [4c1b262e-6b36-4c21-b09b-ccc84d7c599a]: End
2021-06-28 13:52:44,068 INFO: [UpdateUser] [ea655822-97bc-41b7-912a-e44074cbe2e5]: Start
2021-06-28 13:52:44,069 INFO: [FindLowestPrice] [f02ae175-4c03-42cd-b9c1-afdaeb31715b]: Start
2021-06-28 13:52:44,070 INFO: [DeleteItem] [494729a1-c634-4b61-b3ae-ae9630297756]: End
2021-06-28 13:52:44,121 INFO: [UpdateUser] [4435709f-562d-4b2d-824d-aa3eec01823b]: End
2021-06-28 13:52:44,157 INFO: [DeleteItem] [5658df01-e1e0-4cbf-9b36-829b78069215]: Start
2021-06-28 13:52:44,202 INFO: [DeleteItem] [a276f231-9c8d-4fe3-ac45-1374a761d04a]: Start
2021-06-28 13:52:44,224 INFO: [UpdateUser] [ecf0416d-de88-46fb-99e6-54042f7dc9bf]: End
2021-06-28 13:52:44,244 INFO: [SortList] [d4ed4690-f7c2-4476-b89e-128340f18ea9]: Start
2021-06-28 13:52:44,264 INFO: [FindLowestPrice] [519534d6-139a-40bd-8d15-19d0a5ba115d]: End
2021-06-28 13:52:44,277 INFO: [FindLowestPrice] [84314436-5522-49d8-a87e-463e69f52221]: End
2021-06-28 13:52:44,320 INFO: [GetUserInfo] [ae26fa3c-bb9c-4ecd-aae5-c95e9eee5f06]: End
2021-06-28 13:52:44,353 INFO: [SortList] [0eaf844c-59d8-4538-9283-2a4e9406da94]: End
2021-06-28 13:52:44,369 INFO: [GetUserInfo] [2b5ce0f6-825f-4acf-b69c-46aca1e2f37e]: Start
2021-06-28 13:52:44,401 INFO: [FindLowestPrice] [53097792-ad14-45d0-8e78-235a28ef238b]: End
2021-06-28 13:52:44,404 INFO: [Login] [57fda974-4af6-4a64-9be6-4647556f332b]: Start
2021-06-28 13:52:44,425 INFO: [SortList] [0ac87567-f8ba-4493-b6c3-0da45c84b53e]: End
2021-06-28 13:52:44,432 INFO: [Login] [1a8f7d1f-14a5-48ba-b3e3-08572ff28820]: Start
2021-06-28 13:52:44,466 INFO: [DeleteItem] [1fd9ee43-f5e3-4c5d-9b46-b426aad8aed8]: End
2021-06-28 13:52:44,509 INFO: [AddItem] [71324546-c99f-469f-bd82-59c2905a0f02]: End
2021-06-28 13:52:44,568 INFO: [DeleteItem] [84fd87fb-5885-47c1-84a8-ff013b36a8fb]: Start
2021-06-28 13:52:44,590 INFO: [GetUserInfo] [55d4a99f-b6f9-4410-b53a-6c7307aa7e4f]: Start
2021-06-28 13:52:44,601 INFO: [GetUserInfo] [4b45ca53-eded-4da1-9d5d-5c7ed05c4e2b]: Start
2021-06-28 13:52:44,620 INFO: [GetUserInfo] [fc25311c-9c14-4843-8cb9-0ef0d0f738e4]: Start
2021-06-28 13:52:44,627 INFO: [AddItem] [e2001587-bdbf-4eac-8786-fae46196575b]: Start
2021-06-28 13:52:44,686 INFO: [Login] [4b4834b5-2a14-488d-9474-13c71787705b]: End
2021-06-28 13:52:44,698 INFO: [FindLowestPrice] [587493c5-5fea-47f1-ae81-34e507f15ee2]: Start
2021-06-28 13:52:44,750 INFO: [Login] [7972f9c2-e64e-48f6-9ac7-661211e997c9]: Start
2021-06-28 13:52:44,768 INFO: [GetUserInfo] [82ae72f6-df8a-4c1d-ba04-2c85ae0359cb]: End
2021-06-28 13:52:44,768 INFO: [Login] [adf46d92-8045-470b-9c6b-0448c5585a04]: Start
2021-06-28 13:52:44,862 INFO: [Login] [c87b44f8-11bd-48c4-a400-5437eef6a280]: End
2021-06-28 13:52:44,892 INFO: [UpdateUser] [db8ee6e8-1ee2-419c-bb5c-94f0a237e807]: Start
2021-06-28 13:52:44,911 INFO: [AddItem] [c3f0d288-ab1f-4ba2-ac5c-066c25e959e9]: End
2021-06-28 13:52:44,925 INFO: [FindLowestPrice] [c48bb361-c4d4-4b6d-abdf-f798e90b3f8e]: Start
2021-06-28 13:52:44,930 INFO: [SortList] [eecdce86-cfba-4937-836f-86007631632b]: Start
2021-06-28 13:52:44,979 INFO: [SortList] [49234304-bf45-4d68-9495-c01369a3007b]: Start
2021-06-28 13:52:44,986 INFO: [SortList] [5d564938-70ec-4014-abd2-d9b693ae7c96]: Start
2021-06-28 13:52:44,991 INFO: [DeleteItem] [56264ad6-7a5f-4a2d-9d58-4d09688b4faf]: End
2021-06-28 13:52:45,021 INFO: [FindLowestPrice] [2ae2b087-08a1-4562-aea7-2442067b3577]: End
2021-06-28 13:52:45,040 INFO: [SortList] [063c8fb1-3f18-4a72-aba3-604d8f2f1782]: End
2021-06-28 13:52:45,072 INFO: [Login] [e23f9caf-5a87-4908-b268-98fe81a8e94b]: End
2021-06-28 13:52:45,099 INFO: [Login] [ed75e9ad-d72b-4639-823f-13580a11ccf0]: End
2021-06-28 13:52:45,155 INFO: [DeleteItem] [46187d4a-a4a8-4d3f-806b-dad624b4b195]: Start
2021-06-28 13:52:45,224 INFO: [UpdateUser] [998a36df-6286-401b-b532-d63d0fc5568e]: Start
2021-06-28 13:52:45,243 INFO: [UpdateUser] [ea655822-97bc-41b7-912a-e44074cbe2e5]: End
2021-06-28 13:52:45,260 INFO: [AddItem] [116d4ee4-6c45-4a39-90c2-d95883f8d939]: Start
2021-06-28 13:52:45,274 INFO: [DeleteItem] [eaf22f11-f100-4332-acc8-aa74054062ac]: Start
2021-06-28 13:52:45,304 INFO: [SortList] [d4ed4690-f7c2-4476-b89e-128340f18ea9]: End
2021-06-28 13:52:45,317 INFO: [AddItem] [67522425-7cbe-46a3-b856-68c3545dde5f]: Start
2021-06-28 13:52:45,331 INFO: [FindLowestPrice] [3c568d95-f1c4-4355-b6fd-c69645def832]: Start
2021-06-28 13:52:45,412 INFO: [DeleteItem] [a276f231-9c8d-4fe3-ac45-1374a761d04a]: End
2021-06-28 13:52:45,418 INFO: [FindLowestPrice] [857bcfad-dead-451c-a0a8-bab13a4cfe92]: Start
2021-06-28 13:52:45,418 INFO: [SortList] [96f6ab10-4f12-45b3-bf23-87c0b6376348]: End
2021-06-28 13:52:45,444 INFO: [UpdateUser] [5b3367b3-24a2-4670-a00e-e7566f02faf3]: Start
2021-06-28 13:52:45,460 INFO: [SortList] [dee27edc-39d5-4ff6-afdf-75674d41fcef]: Start
2021-06-28 13:52:45,552 INFO: [UpdateUser] [4f363ac3-32c0-4c97-953b-6c938362bad6]: End
2021-06-28 13:52:45,572 INFO: [UpdateUser] [17688487-84e9-452d-bbfc-3367ffc796fb]: End
2021-06-28 13:52:45,591 INFO: [Login] [f8ad1aa1-487a-4ff5-8107-feb29a481832]: Start
2021-06-28 13:52:45,607 INFO: [UpdateUser] [00fe7530-0c07-4295-acda-e896d0aba837]: End
2021-06-28 13:52:45,614 INFO: [Login] [57fda974-4af6-4a64-9be6-4647556f332b]: End
2021-06-28 13:52:45,627 INFO: [Logout] [625bb654-6a5b-436a-a450-d2cd09e58eeb]: End
2021-06-28 13:52:45,630 INFO: [DeleteItem] [6de7c066-8039-4ea5-973d-6f55b915b27a]: Start
2021-06-28 13:52:45,661 INFO: [FindLowestPrice] [1e38818c-a74f-4aa0-8fc4-c8f1a752c159]: Start
2021-06-28 13:52:45,687 INFO: [SortList] [221b3255-c75d-4645-94bb-013b6a3aec2b]: End
2021-06-28 13:52:45,699 INFO: [AddItem] [36024d6c-062f-4eef-91bd-2a0bd43e6ca8]: End
2021-06-28 13:52:45,711 INFO: [FindLowestPrice] [2496c3d8-ad86-4e50-826e-86a1147ac9b2]: Start
2021-06-28 13:52:45,735 INFO: [AddItem] [23289949-e272-4696-8f72-801647b6ede8]: Start
2021-06-28 13:52:45,744 INFO: [Logout] [e456d2f1-9fbd-4369-acb4-e00f9609ba70]: Start
2021-06-28 13:52:45,746 INFO: [Login] [1a8f7d1f-14a5-48ba-b3e3-08572ff28820]: End
2021-06-28 13:52:45,778 INFO: [FindLowestPrice] [f02ae175-4c03-42cd-b9c1-afdaeb31715b]: End
2021-06-28 13:52:45,821 INFO: [UpdateUser] [d5982155-fe9e-41fb-9d4c-bf16dd74a666]: Start
2021-06-28 13:52:45,829 INFO: [SortList] [7303e8db-0d32-4c22-847f-b62c7d6cd1cb]: Start
2021-06-28 13:52:45,832 INFO: [Logout] [7a4d8420-28b5-4318-8ed1-13787da969b7]: Start
2021-06-28 13:52:45,834 INFO: [AddItem] [d29cc0ab-7153-4a5f-a534-cd2f177ef4bc]: Start
2021-06-28 13:52:45,854 INFO: [Login] [fd991a84-3d41-4736-bf51-4e321ff4a7d2]: Start
2021-06-28 13:52:45,857 INFO: [FindLowestPrice] [587493c5-5fea-47f1-ae81-34e507f15ee2]: End
2021-06-28 13:52:45,875 INFO: [SortList] [cf408a27-0f46-4ff2-94ee-160a715205fb]: Start
2021-06-28 13:52:45,894 INFO: [FindLowestPrice] [3c77685e-dbf5-4125-b3f5-e05d6f5e5733]: Start
2021-06-28 13:52:45,908 INFO: [UpdateUser] [a7ac59c1-da90-4b2a-aaf2-3e0ee82fb1ea]: End
2021-06-28 13:52:45,959 INFO: [GetUserInfo] [fc25311c-9c14-4843-8cb9-0ef0d0f738e4]: End
2021-06-28 13:52:46,009 INFO: [DeleteItem] [5658df01-e1e0-4cbf-9b36-829b78069215]: End
2021-06-28 13:52:46,031 INFO: [Login] [e4098599-5deb-44b6-9cd2-380b21af1a48]: Start
2021-06-28 13:52:46,127 INFO: [SortList] [f122e1dd-c665-4545-af90-2d47c1a5bcb7]: Start
2021-06-28 13:52:46,134 INFO: [GetUserInfo] [55d4a99f-b6f9-4410-b53a-6c7307aa7e4f]: End
2021-06-28 13:52:46,136 INFO: [GetUserInfo] [2b5ce0f6-825f-4acf-b69c-46aca1e2f37e]: End
2021-06-28 13:52:46,153 INFO: [UpdateUser] [b57cc90c-53a2-434e-9638-8587ae276058]: Start
2021-06-28 13:52:46,164 INFO: [GetUserInfo] [ea488f91-9acd-43c6-9335-33c43fb9f1f8]: Start
2021-06-28 13:52:46,179 INFO: [FindLowestPrice] [647bbbd7-cc2b-4357-bec0-f8f54dadae17]: Start
2021-06-28 13:52:46,187 INFO: [SortList] [49234304-bf45-4d68-9495-c01369a3007b]: End
2021-06-28 13:52:46,238 INFO: [DeleteItem] [46187d4a-a4a8-4d3f-806b-dad624b4b195]: End
2021-06-28 13:52:46,247 INFO: [FindLowestPrice] [860d7b83-f647-401b-b6fb-85bfedf1bd47]: Start
2021-06-28 13:52:46,271 INFO: [FindLowestPrice] [eb83290e-d60e-4702-be7f-f32bbbd334af]: Start
2021-06-28 13:52:46,278 INFO: [Logout] [89e4782e-8d41-428f-9258-83a66b830dd3]: Start
2021-06-28 13:52:46,305 INFO: [FindLowestPrice] [66b3da87-1f2c-4b01-8f62-f3b53e236a3b]: Start
2021-06-28 13:52:46,309 INFO: [Login] [adf46d92-8045-470b-9c6b-0448c5585a04]: End
2021-06-28 13:52:46,357 INFO: [FindLowestPrice] [6d60327a-3777-4fde-a95f-66785e21717d]: Start
2021-06-28 13:52:46,398 INFO: [GetUserInfo] [4b45ca53-eded-4da1-9d5d-5c7ed05c4e2b]: End
2021-06-28 13:52:46,429 INFO: [FindLowestPrice] [42b6c0d6-1970-4577-9223-21b1bfa05d5b]: Start
2021-06-28 13:52:46,439 INFO: [SortList] [eecdce86-cfba-4937-836f-86007631632b]: End
2021-06-28 13:52:46,451 INFO: [DeleteItem] [eaf22f11-f100-4332-acc8-aa74054062ac]: End
2021-06-28 13:52:46,466 INFO: [FindLowestPrice] [c48bb361-c4d4-4b6d-abdf-f798e90b3f8e]: End
2021-06-28 13:52:46,470 INFO: [SortList] [dee27edc-39d5-4ff6-afdf-75674d41fcef]: End
2021-06-28 13:52:46,503 INFO: [DeleteItem] [84fd87fb-5885-47c1-84a8-ff013b36a8fb]: End
2021-06-28 13:52:46,532 INFO: [Login] [9f9a379e-7749-4f6f-a59a-68fae0fa8baa]: Start
2021-06-28 13:52:46,544 INFO: [Logout] [759fec33-3d54-45cb-bd54-f728b0207f3e]: Start
2021-06-28 13:52:46,589 INFO: [AddItem] [e2001587-bdbf-4eac-8786-fae46196575b]: End
2021-06-28 13:52:46,602 INFO: [FindLowestPrice] [857bcfad-dead-451c-a0a8-bab13a4cfe92]: End
2021-06-28 13:52:46,613 INFO: [FindLowestPrice] [39068e51-4394-420c-8201-1b96bc9661d3]: Start
2021-06-28 13:52:46,618 INFO: [SortList] [5d564938-70ec-4014-abd2-d9b693ae7c96]: End
2021-06-28 13:52:46,673 INFO: [AddItem] [6f71bc4d-d463-4413-95c4-f576c2da09b7]: Start
2021-06-28 13:52:46,691 INFO: [Login] [7972f9c2-e64e-48f6-9ac7-661211e997c9]: End
2021-06-28 13:52:46,698 INFO: [UpdateUser] [998a36df-6286-401b-b532-d63d0fc5568e]: End
2021-06-28 13:52:46,705 INFO: [FindLowestPrice] [1e38818c-a74f-4aa0-8fc4-c8f1a752c159]: End
2021-06-28 13:52:46,724 INFO: [GetUserInfo] [9b53fd4d-bccc-46f3-a6c2-5782c396b2bd]: Start
2021-06-28 13:52:46,831 INFO: [UpdateUser] [e212a9d9-e4a5-4381-8eb0-c4c8f4b5328c]: Start
2021-06-28 13:52:46,837 INFO: [Login] [258c3ea8-5d4f-43ed-a6c4-e15dfaa2b9ef]: Start
2021-06-28 13:52:46,845 INFO: [FindLowestPrice] [ed3cf966-6088-4de2-a209-58ca0a38dec4]: Start
2021-06-28 13:52:46,853 INFO: [UpdateUser] [d5982155-fe9e-41fb-9d4c-bf16dd74a666]: End
2021-06-28 13:52:46,861 INFO: [SortList] [7303e8db-0d32-4c22-847f-b62c7d6cd1cb]: End
2021-06-28 13:52:46,898 INFO: [UpdateUser] [db8ee6e8-1ee2-419c-bb5c-94f0a237e807]: End
2021-06-28 13:52:46,968 INFO: [Login] [fd991a84-3d41-4736-bf51-4e321ff4a7d2]: End
2021-06-28 13:52:46,986 INFO: [AddItem] [116d4ee4-6c45-4a39-90c2-d95883f8d939]: End
2021-06-28 13:52:47,019 INFO: [Login] [f8ad1aa1-487a-4ff5-8107-feb29a481832]: End
2021-06-28 13:52:47,069 INFO: [GetUserInfo] [0714dbc5-5837-482a-809d-1c3c40214f9a]: Start
2021-06-28 13:52:47,104 INFO: [Logout] [553fa6ae-ef05-42c6-ab45-3c69e39d9768]: Start
2021-06-28 13:52:47,140 INFO: [AddItem] [23289949-e272-4696-8f72-801647b6ede8]: End
2021-06-28 13:52:47,141 INFO: [DeleteItem] [6de7c066-8039-4ea5-973d-6f55b915b27a]: End
2021-06-28 13:52:47,146 INFO: [Logout] [2f891797-ced9-41cd-890a-08c05adf6c7e]: Start
2021-06-28 13:52:47,153 INFO: [Logout] [c070ac21-e68a-4e9d-88b9-8d11460afe9c]: Start
2021-06-28 13:52:47,183 INFO: [DeleteItem] [fb34e366-f44d-4a90-b71f-07f6d6348ebf]: Start
2021-06-28 13:52:47,187 INFO: [SortList] [cf408a27-0f46-4ff2-94ee-160a715205fb]: End
2021-06-28 13:52:47,192 INFO: [FindLowestPrice] [3c568d95-f1c4-4355-b6fd-c69645def832]: End
2021-06-28 13:52:47,195 INFO: [FindLowestPrice] [3c77685e-dbf5-4125-b3f5-e05d6f5e5733]: End
2021-06-28 13:52:47,206 INFO: [FindLowestPrice] [647bbbd7-cc2b-4357-bec0-f8f54dadae17]: End
2021-06-28 13:52:47,250 INFO: [AddItem] [0e7d840f-6a09-4b1c-a43f-2b5ff15663e3]: Start
2021-06-28 13:52:47,250 INFO: [Logout] [dbd5535d-5c49-4b64-a44d-a23ff1bd54d3]: Start
2021-06-28 13:52:47,260 INFO: [UpdateUser] [664d4ed4-4102-4ab5-982b-5a9eb4a08661]: Start
2021-06-28 13:52:47,277 INFO: [FindLowestPrice] [860d7b83-f647-401b-b6fb-85bfedf1bd47]: End
2021-06-28 13:52:47,310 INFO: [Logout] [659f53d5-960d-47be-8d55-4167ee359f97]: Start
2021-06-28 13:52:47,311 INFO: [AddItem] [67522425-7cbe-46a3-b856-68c3545dde5f]: End
2021-06-28 13:52:47,317 INFO: [FindLowestPrice] [98209499-aab0-4a72-8e64-b7d6fee02055]: Start
2021-06-28 13:52:47,396 INFO: [UpdateUser] [96154352-5855-4235-add0-7a9dd520cba7]: Start
2021-06-28 13:52:47,425 INFO: [Login] [37eb5e19-7885-4f92-aa18-aae5933b0961]: Start
2021-06-28 13:52:47,427 INFO: [FindLowestPrice] [6d60327a-3777-4fde-a95f-66785e21717d]: End
2021-06-28 13:52:47,441 INFO: [AddItem] [fa997b06-2862-4322-a5de-845364350434]: Start
2021-06-28 13:52:47,447 INFO: [GetUserInfo] [5b5bf49c-c168-4130-944c-e195d6ae6440]: Start
2021-06-28 13:52:47,464 INFO: [Logout] [8f45d644-3ecb-4572-b3b7-1c4838912c1d]: Start
2021-06-28 13:52:47,468 INFO: [FindLowestPrice] [42b6c0d6-1970-4577-9223-21b1bfa05d5b]: End
2021-06-28 13:52:47,492 INFO: [AddItem] [d29cc0ab-7153-4a5f-a534-cd2f177ef4bc]: End
2021-06-28 13:52:47,503 INFO: [Logout] [7a4d8420-28b5-4318-8ed1-13787da969b7]: End
2021-06-28 13:52:47,509 INFO: [UpdateUser] [b57cc90c-53a2-434e-9638-8587ae276058]: End
2021-06-28 13:52:47,525 INFO: [SortList] [0ef0bf5c-9301-447d-ad52-20505b870bed]: Start
2021-06-28 13:52:47,527 INFO: [AddItem] [601a1bfd-f2e7-4f86-b3c1-4b89a21c2bd3]: Start
2021-06-28 13:52:47,534 INFO: [FindLowestPrice] [66b3da87-1f2c-4b01-8f62-f3b53e236a3b]: End
2021-06-28 13:52:47,569 INFO: [DeleteItem] [312638eb-5199-4495-b799-c13cf286d907]: Start
2021-06-28 13:52:47,588 INFO: [FindLowestPrice] [2496c3d8-ad86-4e50-826e-86a1147ac9b2]: End
2021-06-28 13:52:47,595 INFO: [SortList] [f30d64aa-c9a2-4533-a744-7515a67fe4a7]: Start
2021-06-28 13:52:47,607 INFO: [AddItem] [59f61ca0-b8ee-443e-9097-c3b7dbeb4bd2]: Start
2021-06-28 13:52:47,646 INFO: [SortList] [819cdfb2-554c-4681-8486-7609897d1860]: Start
2021-06-28 13:52:47,654 INFO: [Logout] [b64f6a2b-fac3-44f7-9e4f-fef0fa33d94b]: Start
2021-06-28 13:52:47,696 INFO: [UpdateUser] [5b3367b3-24a2-4670-a00e-e7566f02faf3]: End
2021-06-28 13:52:47,698 INFO: [Logout] [e456d2f1-9fbd-4369-acb4-e00f9609ba70]: End
2021-06-28 13:52:47,743 INFO: [FindLowestPrice] [eb83290e-d60e-4702-be7f-f32bbbd334af]: End
2021-06-28 13:52:47,759 INFO: [SortList] [f39bbb65-9e71-41e3-bc84-c58b1c325f0c]: Start
2021-06-28 13:52:47,772 INFO: [SortList] [f122e1dd-c665-4545-af90-2d47c1a5bcb7]: End
2021-06-28 13:52:47,777 INFO: [DeleteItem] [eca17375-9706-4f79-96cb-3db9bae57b09]: Start
2021-06-28 13:52:47,789 INFO: [AddItem] [03e38dfe-62f8-44b6-ac8d-2e2cc0de3661]: Start
2021-06-28 13:52:47,804 INFO: [Logout] [9ccd904d-ff58-4b76-b800-fa0fda1b5ac8]: Start
2021-06-28 13:52:47,859 INFO: [FindLowestPrice] [5f878288-eb16-4d79-923e-edaf51c8d3e2]: Start
2021-06-28 13:52:47,891 INFO: [Logout] [0fab494a-9229-45d7-9b33-32870b2f6ebb]: Start
2021-06-28 13:52:47,921 INFO: [AddItem] [4f8e9a98-4d20-41ef-9ee5-818bc44fe65b]: Start
2021-06-28 13:52:47,934 INFO: [Login] [e4098599-5deb-44b6-9cd2-380b21af1a48]: End
2021-06-28 13:52:47,975 INFO: [GetUserInfo] [9b53fd4d-bccc-46f3-a6c2-5782c396b2bd]: End
2021-06-28 13:52:47,986 INFO: [UpdateUser] [db8c51f9-fce1-47fb-8be0-ae2943f763ac]: Start
2021-06-28 13:52:48,034 INFO: [FindLowestPrice] [ed3cf966-6088-4de2-a209-58ca0a38dec4]: End
2021-06-28 13:52:48,041 INFO: [FindLowestPrice] [6be669df-bffb-491b-a8af-9d3cb1e44a28]: Start
2021-06-28 13:52:48,075 INFO: [SortList] [aeceafd4-6a0d-4d56-8719-9eca0e9966e5]: Start
2021-06-28 13:52:48,103 INFO: [Logout] [89e4782e-8d41-428f-9258-83a66b830dd3]: End
2021-06-28 13:52:48,109 INFO: [GetUserInfo] [ea488f91-9acd-43c6-9335-33c43fb9f1f8]: End
2021-06-28 13:52:48,126 INFO: [Login] [258c3ea8-5d4f-43ed-a6c4-e15dfaa2b9ef]: End
2021-06-28 13:52:48,130 INFO: [Login] [f0333f2b-a27c-46d2-aead-7fd4136520c6]: Start
2021-06-28 13:52:48,140 INFO: [SortList] [98835590-104c-45db-a2b4-12ab1d2228c2]: Start
2021-06-28 13:52:48,173 INFO: [Login] [9b134474-0ca1-4cbd-9a3c-48acc0780349]: Start
2021-06-28 13:52:48,174 INFO: [GetUserInfo] [cd94abf1-05c6-444a-a434-6113cff6f942]: Start
2021-06-28 13:52:48,203 INFO: [Logout] [c070ac21-e68a-4e9d-88b9-8d11460afe9c]: End
2021-06-28 13:52:48,219 INFO: [DeleteItem] [1e683dc2-293b-48fe-9fe9-b17549d9d5bb]: Start
2021-06-28 13:52:48,235 INFO: [AddItem] [dc327646-40d8-45ab-b024-06817a39bb20]: Start
2021-06-28 13:52:48,248 INFO: [Logout] [759fec33-3d54-45cb-bd54-f728b0207f3e]: End
2021-06-28 13:52:48,259 INFO: [AddItem] [6f71bc4d-d463-4413-95c4-f576c2da09b7]: End
2021-06-28 13:52:48,270 INFO: [AddItem] [0e7d840f-6a09-4b1c-a43f-2b5ff15663e3]: End
2021-06-28 13:52:48,322 INFO: [Logout] [553fa6ae-ef05-42c6-ab45-3c69e39d9768]: End
2021-06-28 13:52:48,329 INFO: [UpdateUser] [ac384710-3bae-4eb5-9715-613f80f99093]: Start
2021-06-28 13:52:48,364 INFO: [FindLowestPrice] [6c0f8aec-84dd-4d37-a066-2dffba245f9e]: Start
2021-06-28 13:52:48,375 INFO: [Login] [14192919-d969-43cb-bff3-051f247d39dd]: Start
2021-06-28 13:52:48,381 INFO: [UpdateUser] [e212a9d9-e4a5-4381-8eb0-c4c8f4b5328c]: End
2021-06-28 13:52:48,381 INFO: [DeleteItem] [80f15fe9-e86b-4722-a6c5-c0bb364ef096]: Start
2021-06-28 13:52:48,406 INFO: [Logout] [2f891797-ced9-41cd-890a-08c05adf6c7e]: End
2021-06-28 13:52:48,412 INFO: [GetUserInfo] [ff466716-d3a5-4c1e-890c-9803bdaf2616]: Start
2021-06-28 13:52:48,424 INFO: [Logout] [659f53d5-960d-47be-8d55-4167ee359f97]: End
2021-06-28 13:52:48,439 INFO: [FindLowestPrice] [39068e51-4394-420c-8201-1b96bc9661d3]: End
2021-06-28 13:52:48,456 INFO: [Login] [5e46cb2c-e016-4724-b678-4c5d66593b1b]: Start
2021-06-28 13:52:48,462 INFO: [FindLowestPrice] [209b0e16-9fe2-4f67-be22-cb282585506d]: Start
2021-06-28 13:52:48,463 INFO: [AddItem] [d039ef1d-5e59-4c26-bb39-0faff04e278e]: Start
2021-06-28 13:52:48,488 INFO: [Login] [9f9a379e-7749-4f6f-a59a-68fae0fa8baa]: End
2021-06-28 13:52:48,508 INFO: [AddItem] [0dfb438a-bf12-44c1-b1fd-a9934cf8cf21]: Start
2021-06-28 13:52:48,520 INFO: [Logout] [8046ba5f-901d-42fc-8aef-7c411420f899]: Start
2021-06-28 13:52:48,527 INFO: [FindLowestPrice] [98209499-aab0-4a72-8e64-b7d6fee02055]: End
2021-06-28 13:52:48,550 INFO: [AddItem] [fa997b06-2862-4322-a5de-845364350434]: End
2021-06-28 13:52:48,592 INFO: [UpdateUser] [5e550b81-8809-41d1-a969-7f66b5e9d7e6]: Start
2021-06-28 13:52:48,618 INFO: [FindLowestPrice] [d9604729-a1f7-4e07-b82d-d0359bcabbfa]: Start
2021-06-28 13:52:48,653 INFO: [UpdateUser] [c341b681-dc40-4e80-9f25-ca8782e569cb]: Start
2021-06-28 13:52:48,665 INFO: [SortList] [0ef0bf5c-9301-447d-ad52-20505b870bed]: End
2021-06-28 13:52:48,682 INFO: [SortList] [94d1c607-f210-41d3-8378-7229fb5a3357]: Start
2021-06-28 13:52:48,746 INFO: [AddItem] [601a1bfd-f2e7-4f86-b3c1-4b89a21c2bd3]: End
2021-06-28 13:52:48,755 INFO: [GetUserInfo] [0714dbc5-5837-482a-809d-1c3c40214f9a]: End
2021-06-28 13:52:48,786 INFO: [FindLowestPrice] [6d3a2a35-4c50-4d49-b1cf-b1cc62b6a170]: Start
2021-06-28 13:52:48,794 INFO: [UpdateUser] [96154352-5855-4235-add0-7a9dd520cba7]: End
2021-06-28 13:52:48,796 INFO: [Logout] [8f45d644-3ecb-4572-b3b7-1c4838912c1d]: End
2021-06-28 13:52:48,798 INFO: [GetUserInfo] [6c83c174-6938-4a31-ab8c-36916b37c6d8]: Start
2021-06-28 13:52:48,841 INFO: [AddItem] [59f61ca0-b8ee-443e-9097-c3b7dbeb4bd2]: End
2021-06-28 13:52:48,842 INFO: [SortList] [59bae3d4-a951-497e-bbd4-6a7bc6f24c7d]: Start
2021-06-28 13:52:48,848 INFO: [AddItem] [43b8caea-efe9-4d06-9713-1090a2dee1b3]: Start
2021-06-28 13:52:48,863 INFO: [AddItem] [51295cea-742c-4e56-8c68-eebea37b4bf1]: Start
2021-06-28 13:52:48,883 INFO: [UpdateUser] [664d4ed4-4102-4ab5-982b-5a9eb4a08661]: End
2021-06-28 13:52:48,910 INFO: [Logout] [e1f6b732-6ff4-4c22-bdc0-3d240fca03a5]: Start
2021-06-28 13:52:48,911 INFO: [AddItem] [9fd4fcba-88ce-4291-a02b-6b4379f37052]: Start
2021-06-28 13:52:48,914 INFO: [DeleteItem] [312638eb-5199-4495-b799-c13cf286d907]: End
2021-06-28 13:52:48,968 INFO: [GetUserInfo] [5b5bf49c-c168-4130-944c-e195d6ae6440]: End
2021-06-28 13:52:48,970 INFO: [DeleteItem] [fb34e366-f44d-4a90-b71f-07f6d6348ebf]: End
2021-06-28 13:52:48,981 INFO: [SortList] [f4eeb25b-cee0-4674-8a34-3de9cd7de712]: Start
2021-06-28 13:52:48,991 INFO: [SortList] [436b4bb1-2a92-4fff-a64b-4394032a9bd5]: Start
2021-06-28 13:52:49,014 INFO: [Login] [cf2eaf69-3bd6-4133-a6c6-413d087cae6e]: Start
2021-06-28 13:52:49,054 INFO: [FindLowestPrice] [5f878288-eb16-4d79-923e-edaf51c8d3e2]: End
2021-06-28 13:52:49,056 INFO: [Login] [1435b6ca-2439-4eb9-96d6-3cde7572bb6b]: Start
2021-06-28 13:52:49,080 INFO: [Logout] [dbd5535d-5c49-4b64-a44d-a23ff1bd54d3]: End
2021-06-28 13:52:49,082 INFO: [Logout] [8ab4c829-4378-4ba1-a356-d389df3106ce]: Start
2021-06-28 13:52:49,101 INFO: [SortList] [44a54ced-cc4b-4212-ade8-f2fc3c7d56fe]: Start
2021-06-28 13:52:49,101 INFO: [Logout] [b64f6a2b-fac3-44f7-9e4f-fef0fa33d94b]: End
2021-06-28 13:52:49,119 INFO: [GetUserInfo] [b7105195-b791-4a95-811a-4b12bd430322]: Start
2021-06-28 13:52:49,138 INFO: [Logout] [b61a36cb-2791-4cc7-89f6-add70b8f02b9]: Start
2021-06-28 13:52:49,165 INFO: [GetUserInfo] [3bac510d-cf11-4117-aa5e-be43165aebf6]: Start
2021-06-28 13:52:49,168 INFO: [SortList] [f30d64aa-c9a2-4533-a744-7515a67fe4a7]: End
2021-06-28 13:52:49,169 INFO: [UpdateUser] [c31c0e64-b3a5-4d30-be90-e5e48ca36826]: Start
2021-06-28 13:52:49,178 INFO: [Logout] [0fab494a-9229-45d7-9b33-32870b2f6ebb]: End
2021-06-28 13:52:49,182 INFO: [Logout] [f352e50a-820b-4920-93c1-c33660116d93]: Start
2021-06-28 13:52:49,186 INFO: [SortList] [7e2f8d98-a624-4c60-a924-fbb0db4670f5]: Start
2021-06-28 13:52:49,193 INFO: [GetUserInfo] [19fea527-64e7-462e-a0d7-bcf586017055]: Start
2021-06-28 13:52:49,196 INFO: [AddItem] [2af935ac-4aba-41fd-b501-ee26599e1f14]: Start
2021-06-28 13:52:49,203 INFO: [GetUserInfo] [412a69a0-bd41-4cfa-be20-0727daab07ff]: Start
2021-06-28 13:52:49,220 INFO: [SortList] [819cdfb2-554c-4681-8486-7609897d1860]: End
2021-06-28 13:52:49,333 INFO: [GetUserInfo] [b6ddf552-0626-4172-bedc-4d003b35f13d]: Start
2021-06-28 13:52:49,335 INFO: [SortList] [98835590-104c-45db-a2b4-12ab1d2228c2]: End
2021-06-28 13:52:49,345 INFO: [FindLowestPrice] [41bcda48-52a3-48bb-b793-7d57b00a6d18]: Start
2021-06-28 13:52:49,349 INFO: [FindLowestPrice] [0f00ecd6-1a9c-4e09-9ec9-e2cd0759ecbe]: Start
2021-06-28 13:52:49,372 INFO: [Logout] [4d6f6a64-c900-4c86-8033-dd058daac4e9]: Start
2021-06-28 13:52:49,414 INFO: [FindLowestPrice] [6be669df-bffb-491b-a8af-9d3cb1e44a28]: End
2021-06-28 13:52:49,421 INFO: [SortList] [8cc7c892-e28d-4fc3-99d4-9eb9dba1c740]: Start
2021-06-28 13:52:49,432 INFO: [Login] [37eb5e19-7885-4f92-aa18-aae5933b0961]: End
2021-06-28 13:52:49,433 INFO: [DeleteItem] [01d0b789-3239-4710-a675-2fdb5414da6d]: Start
2021-06-28 13:52:49,437 INFO: [Logout] [9ccd904d-ff58-4b76-b800-fa0fda1b5ac8]: End
2021-06-28 13:52:49,446 INFO: [GetUserInfo] [0521beb5-2ff5-42d5-a376-f8340697bc1b]: Start
2021-06-28 13:52:49,450 INFO: [DeleteItem] [80f15fe9-e86b-4722-a6c5-c0bb364ef096]: End
2021-06-28 13:52:49,460 INFO: [SortList] [aeceafd4-6a0d-4d56-8719-9eca0e9966e5]: End
2021-06-28 13:52:49,503 INFO: [GetUserInfo] [ff466716-d3a5-4c1e-890c-9803bdaf2616]: End
2021-06-28 13:52:49,513 INFO: [Logout] [07d059df-9501-4692-9cf1-c63e6fb54470]: Start
2021-06-28 13:52:49,522 INFO: [DeleteItem] [af2745b1-5eca-47fe-93c0-a45592d055fd]: Start
2021-06-28 13:52:49,533 INFO: [Logout] [a1013c85-b8c2-4bd3-a55b-e241f289e82e]: Start
2021-06-28 13:52:49,555 INFO: [Logout] [7b89827d-804f-44de-a070-37805e18a1dc]: Start
2021-06-28 13:52:49,570 INFO: [Login] [9b134474-0ca1-4cbd-9a3c-48acc0780349]: End
2021-06-28 13:52:49,572 INFO: [AddItem] [03e38dfe-62f8-44b6-ac8d-2e2cc0de3661]: End
2021-06-28 13:52:49,578 INFO: [DeleteItem] [eca17375-9706-4f79-96cb-3db9bae57b09]: End
2021-06-28 13:52:49,599 INFO: [SortList] [f39bbb65-9e71-41e3-bc84-c58b1c325f0c]: End
2021-06-28 13:52:49,618 INFO: [FindLowestPrice] [05373ea1-d6e5-4588-a10b-67c74aeecb99]: Start
2021-06-28 13:52:49,636 INFO: [AddItem] [88406274-ee94-44fb-aced-43b205f21711]: Start
2021-06-28 13:52:49,651 INFO: [AddItem] [dc327646-40d8-45ab-b024-06817a39bb20]: End
2021-06-28 13:52:49,653 INFO: [AddItem] [4f8e9a98-4d20-41ef-9ee5-818bc44fe65b]: End
2021-06-28 13:52:49,671 INFO: [GetUserInfo] [cd94abf1-05c6-444a-a434-6113cff6f942]: End
2021-06-28 13:52:49,673 INFO: [Logout] [2639fc06-f806-48aa-ae47-0a034f9eb663]: Start
2021-06-28 13:52:49,730 INFO: [AddItem] [8cafb2c7-f3bf-4041-a004-0ffb970753d2]: Start
2021-06-28 13:52:49,741 INFO: [Logout] [8046ba5f-901d-42fc-8aef-7c411420f899]: End
2021-06-28 13:52:49,769 INFO: [UpdateUser] [0e5e0ab2-b705-43e5-a8f0-9455977408bc]: Start
2021-06-28 13:52:49,779 INFO: [AddItem] [e6dedca1-1dc2-40b2-9ad0-455a4b52a79f]: Start
2021-06-28 13:52:49,805 INFO: [UpdateUser] [a63f5a3b-e84b-4a6e-b7dd-72efb8a49d55]: Start
2021-06-28 13:52:49,821 INFO: [FindLowestPrice] [6d3a2a35-4c50-4d49-b1cf-b1cc62b6a170]: End
2021-06-28 13:52:49,843 INFO: [DeleteItem] [957dfdc0-b885-4cdc-9c67-2c5ed297b6a7]: Start
2021-06-28 13:52:49,868 INFO: [Login] [14192919-d969-43cb-bff3-051f247d39dd]: End
2021-06-28 13:52:49,883 INFO: [UpdateUser] [db8c51f9-fce1-47fb-8be0-ae2943f763ac]: End
2021-06-28 13:52:49,883 INFO: [SortList] [ddbd1f03-9dcd-4728-991a-f09f09c7438f]: Start
2021-06-28 13:52:49,909 INFO: [UpdateUser] [57076944-f3c9-4402-8879-50243006b8ea]: Start
2021-06-28 13:52:49,978 INFO: [GetUserInfo] [859a4d9a-890b-4acc-9c4d-754533b8c401]: Start
2021-06-28 13:52:49,985 INFO: [GetUserInfo] [b6b33b1e-06e4-4d10-9caf-e8026c6b2139]: Start
2021-06-28 13:52:49,999 INFO: [Login] [abc5ddba-b8e2-4622-830c-a12b050576ff]: Start
2021-06-28 13:52:50,044 INFO: [DeleteItem] [6eff9156-497d-4877-b0e5-0ca88cca8f2a]: Start
2021-06-28 13:52:50,050 INFO: [Logout] [3dc2942f-4c06-4203-91b4-fd7fb45e2428]: Start
2021-06-28 13:52:50,059 INFO: [FindLowestPrice] [d9604729-a1f7-4e07-b82d-d0359bcabbfa]: End
2021-06-28 13:52:50,059 INFO: [AddItem] [0dfb438a-bf12-44c1-b1fd-a9934cf8cf21]: End
2021-06-28 13:52:50,078 INFO: [AddItem] [2cc578b1-e476-4ea0-a656-23720545c639]: Start
2021-06-28 13:52:50,115 INFO: [FindLowestPrice] [9fcfa98e-c21a-434b-8d4a-f4572ba5a02b]: Start
2021-06-28 13:52:50,117 INFO: [Logout] [5cc80a74-f05b-4cc2-9bb0-1d25ac1ffd33]: Start
2021-06-28 13:52:50,117 INFO: [Logout] [e1ac0932-c9fe-4be0-b1df-4e816d63f9b9]: Start
2021-06-28 13:52:50,117 INFO: [FindLowestPrice] [6c0f8aec-84dd-4d37-a066-2dffba245f9e]: End
2021-06-28 13:52:50,126 INFO: [Login] [5e46cb2c-e016-4724-b678-4c5d66593b1b]: End
2021-06-28 13:52:50,133 INFO: [Logout] [05511b1b-6b96-4e32-96bf-f805dd7d2572]: Start
2021-06-28 13:52:50,148 INFO: [DeleteItem] [1e683dc2-293b-48fe-9fe9-b17549d9d5bb]: End
2021-06-28 13:52:50,153 INFO: [AddItem] [d039ef1d-5e59-4c26-bb39-0faff04e278e]: End
2021-06-28 13:52:50,158 INFO: [AddItem] [ffae23a1-761e-4d65-9f91-f5c79fc1d1f9]: Start
2021-06-28 13:52:50,191 INFO: [AddItem] [1f608b5e-b39f-4b06-b7ec-3522b2b5638d]: Start
2021-06-28 13:52:50,220 INFO: [FindLowestPrice] [209b0e16-9fe2-4f67-be22-cb282585506d]: End
2021-06-28 13:52:50,254 INFO: [GetUserInfo] [8e951060-4be8-429a-98e3-421a083076ce]: Start
2021-06-28 13:52:50,258 INFO: [GetUserInfo] [b7105195-b791-4a95-811a-4b12bd430322]: End
2021-06-28 13:52:50,274 INFO: [SortList] [59bae3d4-a951-497e-bbd4-6a7bc6f24c7d]: End
2021-06-28 13:52:50,278 INFO: [Logout] [e02b45bb-1fa2-4b0f-bfa4-0091221c5555]: Start
2021-06-28 13:52:50,279 INFO: [Login] [f0333f2b-a27c-46d2-aead-7fd4136520c6]: End
2021-06-28 13:52:50,288 INFO: [SortList] [f4eeb25b-cee0-4674-8a34-3de9cd7de712]: End
2021-06-28 13:52:50,291 INFO: [GetUserInfo] [9c030356-f00b-4ecf-a3f4-fcff0acd1407]: Start
2021-06-28 13:52:50,294 INFO: [SortList] [598e242b-7329-4462-8c6f-fe3dca3aad36]: Start
2021-06-28 13:52:50,303 INFO: [GetUserInfo] [3bac510d-cf11-4117-aa5e-be43165aebf6]: End
2021-06-28 13:52:50,316 INFO: [SortList] [7e2f8d98-a624-4c60-a924-fbb0db4670f5]: End
2021-06-28 13:52:50,320 INFO: [FindLowestPrice] [8b375c32-2ed9-4f57-aaef-b9b78676f194]: Start
2021-06-28 13:52:50,328 INFO: [Login] [cf2eaf69-3bd6-4133-a6c6-413d087cae6e]: End
2021-06-28 13:52:50,336 INFO: [GetUserInfo] [19fea527-64e7-462e-a0d7-bcf586017055]: End
2021-06-28 13:52:50,348 INFO: [Logout] [e1f6b732-6ff4-4c22-bdc0-3d240fca03a5]: End
2021-06-28 13:52:50,363 INFO: [UpdateUser] [c341b681-dc40-4e80-9f25-ca8782e569cb]: End
2021-06-28 13:52:50,367 INFO: [GetUserInfo] [412a69a0-bd41-4cfa-be20-0727daab07ff]: End
2021-06-28 13:52:50,397 INFO: [AddItem] [9fd4fcba-88ce-4291-a02b-6b4379f37052]: End
2021-06-28 13:52:50,401 INFO: [DeleteItem] [487b2159-09f3-48ff-a12c-90948d7640d1]: Start
2021-06-28 13:52:50,420 INFO: [SortList] [4fb914a2-ffb5-4850-a025-54b6671ee86b]: Start
2021-06-28 13:52:50,423 INFO: [Logout] [b61a36cb-2791-4cc7-89f6-add70b8f02b9]: End
2021-06-28 13:52:50,452 INFO: [SortList] [8cc7c892-e28d-4fc3-99d4-9eb9dba1c740]: End
2021-06-28 13:52:50,454 INFO: [SortList] [000fa029-279f-4253-8b02-456b97be178e]: Start
2021-06-28 13:52:50,480 INFO: [UpdateUser] [ac384710-3bae-4eb5-9715-613f80f99093]: End
2021-06-28 13:52:50,490 INFO: [FindLowestPrice] [df8f0912-e722-4f6a-bf33-61bca3bf972b]: Start
2021-06-28 13:52:50,528 INFO: [SortList] [436b4bb1-2a92-4fff-a64b-4394032a9bd5]: End
2021-06-28 13:52:50,532 INFO: [SortList] [94d1c607-f210-41d3-8378-7229fb5a3357]: End
2021-06-28 13:52:50,539 INFO: [SortList] [ff2b30cd-0dcd-4bed-8393-0c3ba98a7579]: Start
2021-06-28 13:52:50,543 INFO: [DeleteItem] [08f25426-a3f2-48cd-8357-fcbb0f5debbb]: Start
2021-06-28 13:52:50,545 INFO: [AddItem] [4e782b66-fcd0-45ba-8e5e-12db91b547b6]: Start
2021-06-28 13:52:50,575 INFO: [GetUserInfo] [444b33a8-c7ce-4deb-a054-1f561119ca4e]: Start
2021-06-28 13:52:50,581 INFO: [UpdateUser] [d728c276-12f9-4873-bf3e-ff373f74a11a]: Start
2021-06-28 13:52:50,593 INFO: [GetUserInfo] [6c83c174-6938-4a31-ab8c-36916b37c6d8]: End
2021-06-28 13:52:50,594 INFO: [Logout] [07d059df-9501-4692-9cf1-c63e6fb54470]: End
2021-06-28 13:52:50,606 INFO: [AddItem] [51295cea-742c-4e56-8c68-eebea37b4bf1]: End
2021-06-28 13:52:50,616 INFO: [GetUserInfo] [0521beb5-2ff5-42d5-a376-f8340697bc1b]: End
2021-06-28 13:52:50,619 INFO: [FindLowestPrice] [3d5856ff-e700-4cf4-9b52-9167eb7ccf06]: Start
2021-06-28 13:52:50,619 INFO: [FindLowestPrice] [9b9a4146-9209-4b72-8aba-2c270fd569a0]: Start
2021-06-28 13:52:50,635 INFO: [SortList] [3304eb77-7b02-4c6e-9ef4-b91f66f14eba]: Start
2021-06-28 13:52:50,644 INFO: [FindLowestPrice] [05373ea1-d6e5-4588-a10b-67c74aeecb99]: End
2021-06-28 13:52:50,651 INFO: [DeleteItem] [af2745b1-5eca-47fe-93c0-a45592d055fd]: End
2021-06-28 13:52:50,664 INFO: [DeleteItem] [4229ea31-6094-4f97-ab3a-86a6e7055f70]: Start
2021-06-28 13:52:50,666 INFO: [SortList] [6b004bda-99e4-4901-94c2-7efa40a0304e]: Start
2021-06-28 13:52:50,680 INFO: [AddItem] [43b8caea-efe9-4d06-9713-1090a2dee1b3]: End
2021-06-28 13:52:50,680 INFO: [DeleteItem] [2ba6e909-b69f-428b-9d70-ba1baaf993b6]: Start
2021-06-28 13:52:50,692 INFO: [GetUserInfo] [518ac0d9-c5f1-4b7f-a0d6-fe50371cfb2b]: Start
2021-06-28 13:52:50,718 INFO: [Logout] [9c0a185e-a2c7-46ac-88dd-7a087b761efc]: Start
2021-06-28 13:52:50,718 INFO: [SortList] [44a54ced-cc4b-4212-ade8-f2fc3c7d56fe]: End
2021-06-28 13:52:50,721 INFO: [DeleteItem] [01d0b789-3239-4710-a675-2fdb5414da6d]: End
2021-06-28 13:52:50,739 INFO: [DeleteItem] [e0548306-ea9f-467b-8f4f-8f468b72df20]: Start
2021-06-28 13:52:50,745 INFO: [AddItem] [e73f219c-ade7-4031-9b3d-44de37b91b19]: Start
2021-06-28 13:52:50,756 INFO: [Login] [57ec6943-da9a-4308-bb0f-ebe52cc5c8a4]: Start
2021-06-28 13:52:50,765 INFO: [UpdateUser] [5e550b81-8809-41d1-a969-7f66b5e9d7e6]: End
2021-06-28 13:52:50,770 INFO: [DeleteItem] [12e0f2b9-ce20-4f15-9cd3-f904bd402516]: Start
2021-06-28 13:52:50,794 INFO: [Login] [1435b6ca-2439-4eb9-96d6-3cde7572bb6b]: End
2021-06-28 13:52:50,806 INFO: [FindLowestPrice] [0f00ecd6-1a9c-4e09-9ec9-e2cd0759ecbe]: End
2021-06-28 13:52:50,821 INFO: [DeleteItem] [41500e58-c871-4e08-998a-8a28131310eb]: Start
2021-06-28 13:52:50,834 INFO: [Login] [d6e00fe2-d692-4444-b511-39f0be4083c8]: Start
2021-06-28 13:52:50,852 INFO: [DeleteItem] [957dfdc0-b885-4cdc-9c67-2c5ed297b6a7]: End
2021-06-28 13:52:50,861 INFO: [Logout] [8ab4c829-4378-4ba1-a356-d389df3106ce]: End
2021-06-28 13:52:50,869 INFO: [GetUserInfo] [b6ddf552-0626-4172-bedc-4d003b35f13d]: End
2021-06-28 13:52:50,879 INFO: [FindLowestPrice] [4607e44a-4dbb-4ebe-a987-1519bf58b881]: Start
2021-06-28 13:52:50,905 INFO: [SortList] [24236880-961e-4fe4-8660-ac0d31003d88]: Start
2021-06-28 13:52:50,944 INFO: [SortList] [b4a9e01d-f51e-42de-9e2c-0cb8401497e5]: Start
2021-06-28 13:52:50,967 INFO: [GetUserInfo] [d6eff302-b762-49c6-aca3-b62a3f5fefdb]: Start
2021-06-28 13:52:51,010 INFO: [Logout] [f352e50a-820b-4920-93c1-c33660116d93]: End
2021-06-28 13:52:51,019 INFO: [Login] [f665f577-c492-4a5f-ac04-f9fe3a31dfaa]: Start
2021-06-28 13:52:51,034 INFO: [AddItem] [2af935ac-4aba-41fd-b501-ee26599e1f14]: End
2021-06-28 13:52:51,041 INFO: [AddItem] [80e8a450-0377-4895-ae5c-817cfd81bad0]: Start
2021-06-28 13:52:51,044 INFO: [Login] [b5d16383-f394-40da-a09d-a8e2d7c94e76]: Start
2021-06-28 13:52:51,066 INFO: [AddItem] [f9c6d40c-2161-4f1f-8270-e9f80657250e]: Start
2021-06-28 13:52:51,078 INFO: [GetUserInfo] [51149710-d661-4e13-86b2-dae556eda439]: Start
2021-06-28 13:52:51,097 INFO: [DeleteItem] [31d16dd4-f3b7-4e93-97fb-6dfa3aea2023]: Start
2021-06-28 13:52:51,103 INFO: [AddItem] [6ad0c47a-5b6a-4177-b915-6cf26eb09f19]: Start
2021-06-28 13:52:51,107 INFO: [Logout] [9633b668-dd4d-439c-94d7-834c134a7da0]: Start
2021-06-28 13:52:51,150 INFO: [SortList] [78627473-c0f5-4f37-99ba-3aeeb2ce3a4c]: Start
2021-06-28 13:52:51,159 INFO: [AddItem] [971ff330-cda5-4a8a-996e-87a47cf94a32]: Start
2021-06-28 13:52:51,168 INFO: [Logout] [7b89827d-804f-44de-a070-37805e18a1dc]: End
2021-06-28 13:52:51,169 INFO: [Logout] [a1013c85-b8c2-4bd3-a55b-e241f289e82e]: End
2021-06-28 13:52:51,173 INFO: [AddItem] [ffae23a1-761e-4d65-9f91-f5c79fc1d1f9]: End
2021-06-28 13:52:51,184 INFO: [FindLowestPrice] [41bcda48-52a3-48bb-b793-7d57b00a6d18]: End
2021-06-28 13:52:51,219 INFO: [UpdateUser] [cc195aad-36f9-430e-8f25-4cae02fe4a61]: Start
2021-06-28 13:52:51,232 INFO: [SortList] [0b667e02-e6e3-4110-912e-a00dadaaa19f]: Start
2021-06-28 13:52:51,235 INFO: [AddItem] [88406274-ee94-44fb-aced-43b205f21711]: End
2021-06-28 13:52:51,237 INFO: [AddItem] [e6dedca1-1dc2-40b2-9ad0-455a4b52a79f]: End
2021-06-28 13:52:51,263 INFO: [Logout] [e1ac0932-c9fe-4be0-b1df-4e816d63f9b9]: End
2021-06-28 13:52:51,266 INFO: [Logout] [4d6f6a64-c900-4c86-8033-dd058daac4e9]: End
2021-06-28 13:52:51,269 INFO: [UpdateUser] [c4347849-2fad-48d4-b87c-554f03a2d379]: Start
2021-06-28 13:52:51,288 INFO: [Logout] [2639fc06-f806-48aa-ae47-0a034f9eb663]: End
2021-06-28 13:52:51,293 INFO: [FindLowestPrice] [9fcfa98e-c21a-434b-8d4a-f4572ba5a02b]: End
2021-06-28 13:52:51,295 INFO: [FindLowestPrice] [9386cb57-9c00-47bd-a335-86afcce42431]: Start
2021-06-28 13:52:51,297 INFO: [SortList] [4ce70f2e-536b-417f-b134-e0a6c24ef521]: Start
2021-06-28 13:52:51,300 INFO: [GetUserInfo] [3a549573-9fd6-40b0-a8ce-ffe6e0066ff2]: Start
2021-06-28 13:52:51,320 INFO: [AddItem] [e292a9c7-af0f-49e0-a668-b32a45ab8070]: Start
2021-06-28 13:52:51,381 INFO: [GetUserInfo] [ce4071df-f805-4ad9-b23b-190d3407d2cb]: Start
2021-06-28 13:52:51,393 INFO: [Login] [2cf91fc9-2641-433b-98da-5854181956d4]: Start
2021-06-28 13:52:51,396 INFO: [AddItem] [8cafb2c7-f3bf-4041-a004-0ffb970753d2]: End
2021-06-28 13:52:51,410 INFO: [Logout] [2cbf1e79-51bd-40f1-99d4-a2b6aa389f16]: Start
2021-06-28 13:52:51,455 INFO: [AddItem] [1f608b5e-b39f-4b06-b7ec-3522b2b5638d]: End
2021-06-28 13:52:51,460 INFO: [GetUserInfo] [859a4d9a-890b-4acc-9c4d-754533b8c401]: End
2021-06-28 13:52:51,465 INFO: [SortList] [ddbd1f03-9dcd-4728-991a-f09f09c7438f]: End
2021-06-28 13:52:51,471 INFO: [FindLowestPrice] [c344cf19-00f3-4f08-922e-e65c3c4cdbff]: Start
2021-06-28 13:52:51,515 INFO: [GetUserInfo] [b6b33b1e-06e4-4d10-9caf-e8026c6b2139]: End
2021-06-28 13:52:51,553 INFO: [AddItem] [ae018930-ea62-4a3a-8059-700574eb2acb]: Start
2021-06-28 13:52:51,556 INFO: [Logout] [072aa567-67de-4d7d-8024-0e2865d850b5]: Start
2021-06-28 13:52:51,570 INFO: [UpdateUser] [c31c0e64-b3a5-4d30-be90-e5e48ca36826]: End
2021-06-28 13:52:51,584 INFO: [GetUserInfo] [9c030356-f00b-4ecf-a3f4-fcff0acd1407]: End
2021-06-28 13:52:51,606 INFO: [Login] [adda138b-3a6b-4447-8644-bd30bd2a5934]: Start
2021-06-28 13:52:51,612 INFO: [UpdateUser] [0e5e0ab2-b705-43e5-a8f0-9455977408bc]: End
2021-06-28 13:52:51,621 INFO: [DeleteItem] [6eff9156-497d-4877-b0e5-0ca88cca8f2a]: End
2021-06-28 13:52:51,628 INFO: [Logout] [3dc2942f-4c06-4203-91b4-fd7fb45e2428]: End
2021-06-28 13:52:51,654 INFO: [DeleteItem] [08f25426-a3f2-48cd-8357-fcbb0f5debbb]: End
2021-06-28 13:52:51,654 INFO: [Login] [abc5ddba-b8e2-4622-830c-a12b050576ff]: End
2021-06-28 13:52:51,696 INFO: [AddItem] [f63e440e-2051-47ec-85ed-23e5e31f1f0a]: Start
2021-06-28 13:52:51,703 INFO: [DeleteItem] [f94e7419-ac25-4390-a62a-28342c404796]: Start
2021-06-28 13:52:51,704 INFO: [AddItem] [6a6ccf37-6c47-4934-8deb-ec3cda6ac684]: Start
2021-06-28 13:52:51,707 INFO: [Logout] [a0e7d39f-55b8-4f46-b144-806bce0300db]: Start
2021-06-28 13:52:51,726 INFO: [Logout] [05511b1b-6b96-4e32-96bf-f805dd7d2572]: End
2021-06-28 13:52:51,738 INFO: [SortList] [053df11c-32f1-46b5-8c5d-90a7e72f34f1]: Start
2021-06-28 13:52:51,767 INFO: [SortList] [598e242b-7329-4462-8c6f-fe3dca3aad36]: End
2021-06-28 13:52:51,768 INFO: [SortList] [000fa029-279f-4253-8b02-456b97be178e]: End
2021-06-28 13:52:51,776 INFO: [Login] [d4100735-3d69-47ab-946c-46d4f54a9972]: Start
2021-06-28 13:52:51,797 INFO: [DeleteItem] [4229ea31-6094-4f97-ab3a-86a6e7055f70]: End
2021-06-28 13:52:51,806 INFO: [UpdateUser] [d728c276-12f9-4873-bf3e-ff373f74a11a]: End
2021-06-28 13:52:51,820 INFO: [Login] [c2218e54-6e4a-47c3-a7d8-3bf5303b087a]: Start
2021-06-28 13:52:51,840 INFO: [AddItem] [e73f219c-ade7-4031-9b3d-44de37b91b19]: End
2021-06-28 13:52:51,843 INFO: [FindLowestPrice] [df8f0912-e722-4f6a-bf33-61bca3bf972b]: End
2021-06-28 13:52:51,844 INFO: [Logout] [0c5cf64a-d9db-4775-af7a-a92daed76d98]: Start
2021-06-28 13:52:51,853 INFO: [AddItem] [2cc578b1-e476-4ea0-a656-23720545c639]: End
2021-06-28 13:52:51,862 INFO: [FindLowestPrice] [8b375c32-2ed9-4f57-aaef-b9b78676f194]: End
2021-06-28 13:52:51,867 INFO: [AddItem] [af23130b-7f6e-43ab-a59f-0799c83c4610]: Start
2021-06-28 13:52:51,872 INFO: [Login] [a8ead5bc-1416-4eac-854d-b4e5dfb34491]: Start
2021-06-28 13:52:51,881 INFO: [Login] [3832234a-5dc1-4abd-a050-60ba2462699a]: Start
2021-06-28 13:52:51,915 INFO: [UpdateUser] [57076944-f3c9-4402-8879-50243006b8ea]: End
2021-06-28 13:52:51,924 INFO: [AddItem] [d68e1046-fe7c-4d6d-bc8d-33417de7c74b]: Start
2021-06-28 13:52:51,928 INFO: [Logout] [e02b45bb-1fa2-4b0f-bfa4-0091221c5555]: End
2021-06-28 13:52:51,934 INFO: [FindLowestPrice] [4607e44a-4dbb-4ebe-a987-1519bf58b881]: End
2021-06-28 13:52:51,958 INFO: [GetUserInfo] [8fc79a96-a2b6-4232-aacf-8892bf4eb07b]: Start
2021-06-28 13:52:51,967 INFO: [Logout] [9abc1237-8632-48fa-9ea0-ad58c7d5dd71]: Start
2021-06-28 13:52:51,983 INFO: [AddItem] [3dd649cd-be73-48ef-a66d-187ce5d89b94]: Start
2021-06-28 13:52:52,003 INFO: [DeleteItem] [487b2159-09f3-48ff-a12c-90948d7640d1]: End
2021-06-28 13:52:52,012 INFO: [GetUserInfo] [ff8a122a-d68c-4b69-9869-01deb7f44c92]: Start
2021-06-28 13:52:52,032 INFO: [SortList] [ff2b30cd-0dcd-4bed-8393-0c3ba98a7579]: End
2021-06-28 13:52:52,034 INFO: [FindLowestPrice] [cfdb05ea-c6e4-44ca-a14e-93f02047d653]: Start
2021-06-28 13:52:52,035 INFO: [DeleteItem] [41500e58-c871-4e08-998a-8a28131310eb]: End
2021-06-28 13:52:52,046 INFO: [Logout] [5cc80a74-f05b-4cc2-9bb0-1d25ac1ffd33]: End
2021-06-28 13:52:52,058 INFO: [SortList] [8477e30e-21a3-43b1-9957-fdc05ef02a4e]: Start
2021-06-28 13:52:52,073 INFO: [GetUserInfo] [8e951060-4be8-429a-98e3-421a083076ce]: End
2021-06-28 13:52:52,090 INFO: [FindLowestPrice] [9b9a4146-9209-4b72-8aba-2c270fd569a0]: End
2021-06-28 13:52:52,122 INFO: [DeleteItem] [e0548306-ea9f-467b-8f4f-8f468b72df20]: End
2021-06-28 13:52:52,135 INFO: [GetUserInfo] [518ac0d9-c5f1-4b7f-a0d6-fe50371cfb2b]: End
2021-06-28 13:52:52,138 INFO: [Login] [f665f577-c492-4a5f-ac04-f9fe3a31dfaa]: End
2021-06-28 13:52:52,144 INFO: [Login] [d6e00fe2-d692-4444-b511-39f0be4083c8]: End
2021-06-28 13:52:52,157 INFO: [DeleteItem] [38ae3ab9-2c8f-4a7b-a8ea-2a9c8eca3889]: Start
2021-06-28 13:52:52,195 INFO: [FindLowestPrice] [07dac2e0-e8ec-44ee-ab49-e77c588e0960]: Start
2021-06-28 13:52:52,200 INFO: [UpdateUser] [a63f5a3b-e84b-4a6e-b7dd-72efb8a49d55]: End
2021-06-28 13:52:52,202 INFO: [Logout] [9c0a185e-a2c7-46ac-88dd-7a087b761efc]: End
2021-06-28 13:52:52,215 INFO: [AddItem] [4e782b66-fcd0-45ba-8e5e-12db91b547b6]: End
2021-06-28 13:52:52,228 INFO: [FindLowestPrice] [0c5e0b57-e43f-4bd9-bc49-c5515ccc4bb7]: Start
2021-06-28 13:52:52,229 INFO: [AddItem] [04a89bea-7e46-4721-a9f9-1d04a3f51229]: Start
2021-06-28 13:52:52,229 INFO: [SortList] [6b004bda-99e4-4901-94c2-7efa40a0304e]: End
2021-06-28 13:52:52,241 INFO: [FindLowestPrice] [bb86d0fe-13ec-4d4f-b119-9fb67d194467]: Start
2021-06-28 13:52:52,260 INFO: [SortList] [b4a9e01d-f51e-42de-9e2c-0cb8401497e5]: End
2021-06-28 13:52:52,270 INFO: [AddItem] [971ff330-cda5-4a8a-996e-87a47cf94a32]: End
2021-06-28 13:52:52,286 INFO: [UpdateUser] [9605f2d5-dde3-4756-a7b7-964f6c6fe589]: Start
2021-06-28 13:52:52,297 INFO: [FindLowestPrice] [36a9006c-03b3-498e-bc56-4dca3c0a53af]: Start
2021-06-28 13:52:52,302 INFO: [GetUserInfo] [3be32d63-3f40-45b3-8c7d-e849090e4f2c]: Start
2021-06-28 13:52:52,304 INFO: [Login] [e40c153f-6ff9-4cbe-9aec-61f868b8fe79]: Start
2021-06-28 13:52:52,306 INFO: [GetUserInfo] [3a549573-9fd6-40b0-a8ce-ffe6e0066ff2]: End
2021-06-28 13:52:52,314 INFO: [SortList] [b000fce8-0377-40fb-bd72-adf3ada283e6]: Start
2021-06-28 13:52:52,318 INFO: [FindLowestPrice] [6e60af36-6f1e-4f7b-a56d-b1a321ed9132]: Start
2021-06-28 13:52:52,318 INFO: [GetUserInfo] [db8adc60-57c0-4d23-8bc8-4a026dfc3f5e]: Start
2021-06-28 13:52:52,326 INFO: [FindLowestPrice] [30fd960f-0b8f-40f7-b4fd-294c7ed464f1]: Start
2021-06-28 13:52:52,336 INFO: [SortList] [dc908b90-26b0-43cd-bd85-b985a1e9f2c6]: Start
2021-06-28 13:52:52,343 INFO: [AddItem] [f9c6d40c-2161-4f1f-8270-e9f80657250e]: End
2021-06-28 13:52:52,361 INFO: [SortList] [4fb914a2-ffb5-4850-a025-54b6671ee86b]: End
2021-06-28 13:52:52,366 INFO: [AddItem] [6ad0c47a-5b6a-4177-b915-6cf26eb09f19]: End
2021-06-28 13:52:52,390 INFO: [SortList] [3304eb77-7b02-4c6e-9ef4-b91f66f14eba]: End
2021-06-28 13:52:52,408 INFO: [DeleteItem] [31d16dd4-f3b7-4e93-97fb-6dfa3aea2023]: End
2021-06-28 13:52:52,430 INFO: [Logout] [c018e9b7-6e9e-4f6b-8642-dec938a841d3]: Start
2021-06-28 13:52:52,432 INFO: [GetUserInfo] [444b33a8-c7ce-4deb-a054-1f561119ca4e]: End
2021-06-28 13:52:52,443 INFO: [Login] [724e8316-9961-4fcf-9f1f-3d3e5304a0b9]: Start
2021-06-28 13:52:52,444 INFO: [GetUserInfo] [d6eff302-b762-49c6-aca3-b62a3f5fefdb]: End
2021-06-28 13:52:52,449 INFO: [DeleteItem] [2ba6e909-b69f-428b-9d70-ba1baaf993b6]: End
2021-06-28 13:52:52,472 INFO: [GetUserInfo] [ce4071df-f805-4ad9-b23b-190d3407d2cb]: End
2021-06-28 13:52:52,484 INFO: [Logout] [1c88b8b9-157c-4941-99cc-a29a909d265b]: Start
2021-06-28 13:52:52,495 INFO: [DeleteItem] [12e0f2b9-ce20-4f15-9cd3-f904bd402516]: End
2021-06-28 13:52:52,513 INFO: [FindLowestPrice] [4619f23f-5143-47a4-a4d2-17c7911936c6]: Start
2021-06-28 13:52:52,514 INFO: [FindLowestPrice] [3d5856ff-e700-4cf4-9b52-9167eb7ccf06]: End
2021-06-28 13:52:52,528 INFO: [SortList] [4ce70f2e-536b-417f-b134-e0a6c24ef521]: End
2021-06-28 13:52:52,547 INFO: [SortList] [24236880-961e-4fe4-8660-ac0d31003d88]: End
2021-06-28 13:52:52,549 INFO: [AddItem] [58a8e8f2-a7ea-44ac-a03a-8fa4e62d1af2]: Start
2021-06-28 13:52:52,554 INFO: [FindLowestPrice] [45179b5b-c877-4b87-9450-b38473d60744]: Start
2021-06-28 13:52:52,560 INFO: [Login] [f81b68b1-c551-4e00-9792-9982ab3f31fb]: Start
2021-06-28 13:52:52,595 INFO: [GetUserInfo] [51149710-d661-4e13-86b2-dae556eda439]: End
2021-06-28 13:52:52,604 INFO: [FindLowestPrice] [9386cb57-9c00-47bd-a335-86afcce42431]: End
2021-06-28 13:52:52,614 INFO: [Logout] [8b218b20-1a62-43ed-9623-1286dc35ef4e]: Start
2021-06-28 13:52:52,623 INFO: [Login] [2cf91fc9-2641-433b-98da-5854181956d4]: End
2021-06-28 13:52:52,631 INFO: [FindLowestPrice] [c344cf19-00f3-4f08-922e-e65c3c4cdbff]: End
2021-06-28 13:52:52,646 INFO: [Logout] [771e1016-1624-4a4f-ac04-1d26a926e1c6]: Start
2021-06-28 13:52:52,648 INFO: [FindLowestPrice] [c4f53365-a866-4797-91bd-f0283822b4f2]: Start
2021-06-28 13:52:52,659 INFO: [AddItem] [dfd953e0-1980-4b8c-a52b-3e36f0b45e2e]: Start
2021-06-28 13:52:52,682 INFO: [FindLowestPrice] [040f5727-3b18-47fa-8ca5-d806e1411115]: Start
2021-06-28 13:52:52,688 INFO: [UpdateUser] [215ef0ab-b6ab-48d7-a700-5bbc70929af1]: Start
2021-06-28 13:52:52,696 INFO: [UpdateUser] [cc195aad-36f9-430e-8f25-4cae02fe4a61]: End
2021-06-28 13:52:52,699 INFO: [GetUserInfo] [0c374b9a-e888-4918-ab86-825462d5b4b2]: Start
2021-06-28 13:52:52,717 INFO: [UpdateUser] [69dadedb-9ce7-4750-a782-f32da64daa7d]: Start
2021-06-28 13:52:52,720 INFO: [Login] [3ce73a03-4576-43f1-9f86-120243c6dac9]: Start
2021-06-28 13:52:52,727 INFO: [Login] [a1348cd3-881e-485c-95c8-68ec4f451f50]: Start
2021-06-28 13:52:52,729 INFO: [AddItem] [80e8a450-0377-4895-ae5c-817cfd81bad0]: End
2021-06-28 13:52:52,769 INFO: [AddItem] [f63e440e-2051-47ec-85ed-23e5e31f1f0a]: End
2021-06-28 13:52:52,774 INFO: [Logout] [ab27f290-b50a-4e2f-a5b4-9c8b2781e5da]: Start
2021-06-28 13:52:52,775 INFO: [Logout] [9633b668-dd4d-439c-94d7-834c134a7da0]: End
2021-06-28 13:52:52,806 INFO: [AddItem] [396abbf2-9115-462a-9ead-24fbbb9c9c74]: Start
2021-06-28 13:52:52,809 INFO: [SortList] [78627473-c0f5-4f37-99ba-3aeeb2ce3a4c]: End
2021-06-28 13:52:52,824 INFO: [UpdateUser] [28157ce5-9494-41e9-9c5e-48120292e6ef]: Start
2021-06-28 13:52:52,835 INFO: [UpdateUser] [86d60055-15ad-4cf3-96ae-40d8b5708e4a]: Start
2021-06-28 13:52:52,836 INFO: [GetUserInfo] [46042654-55a6-4b3d-837e-b884c0df143b]: Start
2021-06-28 13:52:52,838 INFO: [SortList] [0b8e8a31-6c33-4ba7-982b-2cc6aee0910b]: Start
2021-06-28 13:52:52,866 INFO: [SortList] [0b667e02-e6e3-4110-912e-a00dadaaa19f]: End
2021-06-28 13:52:52,891 INFO: [UpdateUser] [de802590-a6d1-4037-82a3-bd78ea1eedd6]: Start
2021-06-28 13:52:52,910 INFO: [GetUserInfo] [3f7c6d21-b994-49ac-8c4b-3a96b822a708]: Start
2021-06-28 13:52:52,913 INFO: [Login] [a8ead5bc-1416-4eac-854d-b4e5dfb34491]: End
2021-06-28 13:52:52,914 INFO: [FindLowestPrice] [6f993469-d5be-4990-a70c-46261262f9aa]: Start
2021-06-28 13:52:52,949 INFO: [Login] [57ec6943-da9a-4308-bb0f-ebe52cc5c8a4]: End
2021-06-28 13:52:53,000 INFO: [Logout] [45a550ee-e834-4898-8cc4-a5aa4a36a82e]: Start
2021-06-28 13:52:53,028 INFO: [AddItem] [9c258d80-b5d1-4686-b345-53ab286faa2b]: Start
2021-06-28 13:52:53,032 INFO: [SortList] [38e58a5a-ae3d-473f-a8a0-43ac4853b0ed]: Start
2021-06-28 13:52:53,065 INFO: [Login] [c2218e54-6e4a-47c3-a7d8-3bf5303b087a]: End
2021-06-28 13:52:53,081 INFO: [AddItem] [d68e1046-fe7c-4d6d-bc8d-33417de7c74b]: End
2021-06-28 13:52:53,098 INFO: [Login] [adda138b-3a6b-4447-8644-bd30bd2a5934]: End
2021-06-28 13:52:53,100 INFO: [FindLowestPrice] [cfdb05ea-c6e4-44ca-a14e-93f02047d653]: End
2021-06-28 13:52:53,102 INFO: [AddItem] [ee9013b5-2141-4b2a-9673-c20d7617155f]: Start
2021-06-28 13:52:53,134 INFO: [DeleteItem] [2b20c029-c072-482f-840f-a074d5eb3e8a]: Start
2021-06-28 13:52:53,134 INFO: [Logout] [072aa567-67de-4d7d-8024-0e2865d850b5]: End
2021-06-28 13:52:53,137 INFO: [GetUserInfo] [66ffb673-22b0-4caa-8c62-1dfa0a348edf]: Start
2021-06-28 13:52:53,169 INFO: [UpdateUser] [815183a2-eb7c-418d-9f03-ae3c4c9f3f15]: Start
2021-06-28 13:52:53,171 INFO: [Logout] [2cbf1e79-51bd-40f1-99d4-a2b6aa389f16]: End
2021-06-28 13:52:53,177 INFO: [UpdateUser] [c4347849-2fad-48d4-b87c-554f03a2d379]: End
2021-06-28 13:52:53,188 INFO: [DeleteItem] [9ab713d3-e456-4b37-9793-32102562de71]: Start
2021-06-28 13:52:53,191 INFO: [Login] [faece32f-faca-4481-b22a-fb9cccf226d3]: Start
2021-06-28 13:52:53,197 INFO: [Logout] [ce1283df-0a18-4cd9-8b05-9f29a9579c8b]: Start
2021-06-28 13:52:53,208 INFO: [Login] [b5d16383-f394-40da-a09d-a8e2d7c94e76]: End
2021-06-28 13:52:53,261 INFO: [AddItem] [e292a9c7-af0f-49e0-a668-b32a45ab8070]: End
2021-06-28 13:52:53,268 INFO: [AddItem] [ae018930-ea62-4a3a-8059-700574eb2acb]: End
2021-06-28 13:52:53,288 INFO: [AddItem] [6a6ccf37-6c47-4934-8deb-ec3cda6ac684]: End
2021-06-28 13:52:53,290 INFO: [Logout] [fe5ab3a1-0c97-4674-8f89-9d2e06dd076c]: Start
2021-06-28 13:52:53,306 INFO: [Logout] [a836948b-66b5-498e-be2a-10dcf4dcd9c8]: Start
2021-06-28 13:52:53,338 INFO: [Login] [c2a8e679-ea50-4934-999a-dcf934b9ccd6]: Start
2021-06-28 13:52:53,345 INFO: [GetUserInfo] [ff8a122a-d68c-4b69-9869-01deb7f44c92]: End
2021-06-28 13:52:53,355 INFO: [DeleteItem] [f94e7419-ac25-4390-a62a-28342c404796]: End
2021-06-28 13:52:53,380 INFO: [GetUserInfo] [3be32d63-3f40-45b3-8c7d-e849090e4f2c]: End
2021-06-28 13:52:53,410 INFO: [AddItem] [af23130b-7f6e-43ab-a59f-0799c83c4610]: End
2021-06-28 13:52:53,423 INFO: [FindLowestPrice] [8fc9536a-47f4-4d5d-abd5-6f1889b2a971]: Start
2021-06-28 13:52:53,432 INFO: [SortList] [8477e30e-21a3-43b1-9957-fdc05ef02a4e]: End
2021-06-28 13:52:53,449 INFO: [Logout] [a0e7d39f-55b8-4f46-b144-806bce0300db]: End
2021-06-28 13:52:53,535 INFO: [GetUserInfo] [e590c257-e280-4ffa-9d30-028ae7fcb9a5]: Start
2021-06-28 13:52:53,544 INFO: [FindLowestPrice] [6e60af36-6f1e-4f7b-a56d-b1a321ed9132]: End
2021-06-28 13:52:53,556 INFO: [Login] [3832234a-5dc1-4abd-a050-60ba2462699a]: End
2021-06-28 13:52:53,560 INFO: [Logout] [1c88b8b9-157c-4941-99cc-a29a909d265b]: End
2021-06-28 13:52:53,570 INFO: [FindLowestPrice] [36a9006c-03b3-498e-bc56-4dca3c0a53af]: End
2021-06-28 13:52:53,575 INFO: [SortList] [052688e5-9d0a-4c45-adb1-73d69a3b5e75]: Start
2021-06-28 13:52:53,583 INFO: [SortList] [dc908b90-26b0-43cd-bd85-b985a1e9f2c6]: End
2021-06-28 13:52:53,598 INFO: [GetUserInfo] [8fc79a96-a2b6-4232-aacf-8892bf4eb07b]: End
2021-06-28 13:52:53,610 INFO: [Logout] [0c5cf64a-d9db-4775-af7a-a92daed76d98]: End
2021-06-28 13:52:53,632 INFO: [Login] [5f81237b-9e10-4936-8134-b229e75d287b]: Start
2021-06-28 13:52:53,649 INFO: [Login] [d4100735-3d69-47ab-946c-46d4f54a9972]: End
2021-06-28 13:52:53,650 INFO: [GetUserInfo] [db8adc60-57c0-4d23-8bc8-4a026dfc3f5e]: End
2021-06-28 13:52:53,658 INFO: [Logout] [9abc1237-8632-48fa-9ea0-ad58c7d5dd71]: End
2021-06-28 13:52:53,678 INFO: [SortList] [053df11c-32f1-46b5-8c5d-90a7e72f34f1]: End
2021-06-28 13:52:53,732 INFO: [DeleteItem] [38ae3ab9-2c8f-4a7b-a8ea-2a9c8eca3889]: End
2021-06-28 13:52:53,739 INFO: [FindLowestPrice] [040f5727-3b18-47fa-8ca5-d806e1411115]: End
2021-06-28 13:52:53,739 INFO: [SortList] [1502fb77-0402-4890-80bf-c77c2efbe52f]: Start
2021-06-28 13:52:53,764 INFO: [SortList] [b000fce8-0377-40fb-bd72-adf3ada283e6]: End
2021-06-28 13:52:53,781 INFO: [Login] [6d9c37ad-7884-4c88-ad69-bd177c964a8c]: Start
2021-06-28 13:52:53,781 INFO: [GetUserInfo] [0c374b9a-e888-4918-ab86-825462d5b4b2]: End
2021-06-28 13:52:53,803 INFO: [FindLowestPrice] [30fd960f-0b8f-40f7-b4fd-294c7ed464f1]: End
2021-06-28 13:52:53,820 INFO: [Logout] [ab27f290-b50a-4e2f-a5b4-9c8b2781e5da]: End
2021-06-28 13:52:53,821 INFO: [SortList] [4d27813b-57ff-4712-8427-634e34652009]: Start
2021-06-28 13:52:53,838 INFO: [FindLowestPrice] [45179b5b-c877-4b87-9450-b38473d60744]: End
2021-06-28 13:52:53,854 INFO: [Login] [724e8316-9961-4fcf-9f1f-3d3e5304a0b9]: End
2021-06-28 13:52:53,867 INFO: [DeleteItem] [2f96abe6-3838-4cb9-a8b1-9f1eada82331]: Start
2021-06-28 13:52:53,872 INFO: [UpdateUser] [b3419af0-2955-4249-93c6-ca6a8327c8db]: Start
2021-06-28 13:52:53,895 INFO: [DeleteItem] [1c7d7064-7497-496a-ad56-1100d6cb2536]: Start
2021-06-28 13:52:53,906 INFO: [SortList] [0288ba1d-521e-496f-b389-a0ee775ae91f]: Start
2021-06-28 13:52:53,912 INFO: [AddItem] [58a8e8f2-a7ea-44ac-a03a-8fa4e62d1af2]: End
2021-06-28 13:52:53,915 INFO: [Login] [f81b68b1-c551-4e00-9792-9982ab3f31fb]: End
2021-06-28 13:52:53,936 INFO: [Login] [3ce73a03-4576-43f1-9f86-120243c6dac9]: End
2021-06-28 13:52:53,939 INFO: [FindLowestPrice] [500b616e-091a-492e-be74-33727284c1e6]: Start
2021-06-28 13:52:53,957 INFO: [GetUserInfo] [0af6517a-22c4-4d77-97cd-317b8c8075da]: Start
2021-06-28 13:52:53,960 INFO: [AddItem] [3dd649cd-be73-48ef-a66d-187ce5d89b94]: End
2021-06-28 13:52:53,961 INFO: [Logout] [7ebf7026-8490-4502-87d0-82defa83f28f]: Start
2021-06-28 13:52:53,975 INFO: [DeleteItem] [5afe1519-ebbd-4f1e-804a-0fbcdc5c66b0]: Start
2021-06-28 13:52:53,975 INFO: [Login] [e74cf24f-10ec-4d59-8d12-badf9b87a209]: Start
2021-06-28 13:52:53,989 INFO: [FindLowestPrice] [0c5e0b57-e43f-4bd9-bc49-c5515ccc4bb7]: End
2021-06-28 13:52:54,002 INFO: [DeleteItem] [d30c855a-9d52-44bc-9d20-36feff75ad30]: Start
2021-06-28 13:52:54,016 INFO: [GetUserInfo] [a31a8222-2971-4b3c-9ce4-aba5be1737ad]: Start
2021-06-28 13:52:54,017 INFO: [FindLowestPrice] [bb86d0fe-13ec-4d4f-b119-9fb67d194467]: End
2021-06-28 13:52:54,025 INFO: [FindLowestPrice] [c4f53365-a866-4797-91bd-f0283822b4f2]: End
2021-06-28 13:52:54,054 INFO: [UpdateUser] [69dadedb-9ce7-4750-a782-f32da64daa7d]: End
2021-06-28 13:52:54,060 INFO: [FindLowestPrice] [07dac2e0-e8ec-44ee-ab49-e77c588e0960]: End
2021-06-28 13:52:54,060 INFO: [AddItem] [04a89bea-7e46-4721-a9f9-1d04a3f51229]: End
2021-06-28 13:52:54,072 INFO: [Login] [a1348cd3-881e-485c-95c8-68ec4f451f50]: End
2021-06-28 13:52:54,078 INFO: [FindLowestPrice] [6f993469-d5be-4990-a70c-46261262f9aa]: End
2021-06-28 13:52:54,078 INFO: [Logout] [62aef86f-863a-4ec4-b33c-64fc6ba3b8e9]: Start
2021-06-28 13:52:54,084 INFO: [DeleteItem] [fd5647a4-b9b1-4624-8d41-33303fa7ecc8]: Start
2021-06-28 13:52:54,096 INFO: [DeleteItem] [97ac6ae9-49b8-4f0d-9523-ca18d471d945]: Start
2021-06-28 13:52:54,101 INFO: [Logout] [8b218b20-1a62-43ed-9623-1286dc35ef4e]: End
2021-06-28 13:52:54,108 INFO: [AddItem] [b93f7c25-2c37-47ac-983c-7dc2b506afc7]: Start
2021-06-28 13:52:54,109 INFO: [Logout] [55ff8502-4493-4b4c-abbf-db1ac104b91d]: Start
2021-06-28 13:52:54,150 INFO: [DeleteItem] [60c20c6b-34a0-4b0b-95af-f0f54929f037]: Start
2021-06-28 13:52:54,162 INFO: [Login] [e40c153f-6ff9-4cbe-9aec-61f868b8fe79]: End
2021-06-28 13:52:54,170 INFO: [FindLowestPrice] [4619f23f-5143-47a4-a4d2-17c7911936c6]: End
2021-06-28 13:52:54,180 INFO: [GetUserInfo] [6949b75b-c2f5-4fa9-b3d8-824a0d62aa64]: Start
2021-06-28 13:52:54,193 INFO: [SortList] [eaf12c1a-4dd4-4332-a5ea-c4976a1ab91d]: Start
2021-06-28 13:52:54,204 INFO: [SortList] [0001b968-ee45-4f89-ac48-ece841a45882]: Start
2021-06-28 13:52:54,230 INFO: [Logout] [771e1016-1624-4a4f-ac04-1d26a926e1c6]: End
2021-06-28 13:52:54,268 INFO: [UpdateUser] [12ca139b-ef51-48bc-8905-05f6731676e2]: Start
2021-06-28 13:52:54,276 INFO: [GetUserInfo] [46042654-55a6-4b3d-837e-b884c0df143b]: End
2021-06-28 13:52:54,290 INFO: [AddItem] [dfd953e0-1980-4b8c-a52b-3e36f0b45e2e]: End
2021-06-28 13:52:54,294 INFO: [Logout] [c018e9b7-6e9e-4f6b-8642-dec938a841d3]: End
2021-06-28 13:52:54,301 INFO: [FindLowestPrice] [60acbf02-113d-4bbd-8ee0-c9a51d806c59]: Start
2021-06-28 13:52:54,326 INFO: [SortList] [38e58a5a-ae3d-473f-a8a0-43ac4853b0ed]: End
2021-06-28 13:52:54,337 INFO: [AddItem] [ee9013b5-2141-4b2a-9673-c20d7617155f]: End
2021-06-28 13:52:54,353 INFO: [GetUserInfo] [66ffb673-22b0-4caa-8c62-1dfa0a348edf]: End
2021-06-28 13:52:54,370 INFO: [DeleteItem] [2b20c029-c072-482f-840f-a074d5eb3e8a]: End
2021-06-28 13:52:54,370 INFO: [DeleteItem] [a2e7d25e-f29e-45c1-8558-835ca50d20d5]: Start
2021-06-28 13:52:54,374 INFO: [AddItem] [2efd8584-2a2f-4ef6-86a7-909bf8c4f371]: Start
2021-06-28 13:52:54,384 INFO: [DeleteItem] [e61bfc76-2123-41a0-8f09-b544bc362dcc]: Start
2021-06-28 13:52:54,428 INFO: [Login] [faece32f-faca-4481-b22a-fb9cccf226d3]: End
2021-06-28 13:52:54,457 INFO: [SortList] [d0ef80a4-464b-4b08-acb5-ed8864554b82]: Start
2021-06-28 13:52:54,481 INFO: [UpdateUser] [9605f2d5-dde3-4756-a7b7-964f6c6fe589]: End
2021-06-28 13:52:54,504 INFO: [SortList] [0b8e8a31-6c33-4ba7-982b-2cc6aee0910b]: End
2021-06-28 13:52:54,510 INFO: [Logout] [45a550ee-e834-4898-8cc4-a5aa4a36a82e]: End
2021-06-28 13:52:54,538 INFO: [SortList] [e9319ca1-102d-4db8-a61e-c10508d03869]: Start
2021-06-28 13:52:54,553 INFO: [Logout] [fe5ab3a1-0c97-4674-8f89-9d2e06dd076c]: End
2021-06-28 13:52:54,565 INFO: [DeleteItem] [ba6b8ea7-847d-44ab-8ffe-538acb0317a9]: Start
2021-06-28 13:52:54,567 INFO: [AddItem] [396abbf2-9115-462a-9ead-24fbbb9c9c74]: End
2021-06-28 13:52:54,596 INFO: [UpdateUser] [34b47502-d1ee-4eeb-9169-f9fe28645548]: Start
2021-06-28 13:52:54,600 INFO: [DeleteItem] [26516291-14f6-470a-a262-134d1eb76eaa]: Start
2021-06-28 13:52:54,603 INFO: [GetUserInfo] [3f7c6d21-b994-49ac-8c4b-3a96b822a708]: End
2021-06-28 13:52:54,615 INFO: [FindLowestPrice] [8fc9536a-47f4-4d5d-abd5-6f1889b2a971]: End
2021-06-28 13:52:54,642 INFO: [Logout] [a836948b-66b5-498e-be2a-10dcf4dcd9c8]: End
2021-06-28 13:52:54,654 INFO: [AddItem] [2bd91689-ebe8-4bae-b09a-44b2a1516563]: Start
2021-06-28 13:52:54,665 INFO: [DeleteItem] [9ab713d3-e456-4b37-9793-32102562de71]: End
2021-06-28 13:52:54,667 INFO: [AddItem] [4ee6cd8f-5786-4938-bcda-b10e871223e4]: Start
2021-06-28 13:52:54,670 INFO: [SortList] [8b10434f-bb06-41d4-88e0-0dfe399d3e19]: Start
2021-06-28 13:52:54,695 INFO: [UpdateUser] [815183a2-eb7c-418d-9f03-ae3c4c9f3f15]: End
2021-06-28 13:52:54,699 INFO: [FindLowestPrice] [97983390-f8ea-4696-8328-b4495aa93334]: Start
2021-06-28 13:52:54,721 INFO: [UpdateUser] [961e90c5-d4a8-4dba-b81a-63084d4d81a6]: Start
2021-06-28 13:52:54,728 INFO: [UpdateUser] [2a717c9f-6dbc-4c58-a931-77a81a41f996]: Start
2021-06-28 13:52:54,735 INFO: [UpdateUser] [86d60055-15ad-4cf3-96ae-40d8b5708e4a]: End
2021-06-28 13:52:54,743 INFO: [AddItem] [9c258d80-b5d1-4686-b345-53ab286faa2b]: End
2021-06-28 13:52:54,791 INFO: [UpdateUser] [215ef0ab-b6ab-48d7-a700-5bbc70929af1]: End
2021-06-28 13:52:54,808 INFO: [SortList] [052688e5-9d0a-4c45-adb1-73d69a3b5e75]: End
2021-06-28 13:52:54,812 INFO: [Logout] [ce1283df-0a18-4cd9-8b05-9f29a9579c8b]: End
2021-06-28 13:52:54,838 INFO: [DeleteItem] [7ffad07b-5528-42c0-85d9-7c00b5be848b]: Start
2021-06-28 13:52:54,880 INFO: [DeleteItem] [0fac55f3-2b39-4a87-8c39-24bdaf12d1d9]: Start
2021-06-28 13:52:54,908 INFO: [UpdateUser] [de802590-a6d1-4037-82a3-bd78ea1eedd6]: End
2021-06-28 13:52:54,911 INFO: [GetUserInfo] [13a63104-c832-408c-91e3-0b50ece0b82c]: Start
2021-06-28 13:52:54,912 INFO: [FindLowestPrice] [921e6636-d9cd-4d30-9940-16810473230f]: Start
2021-06-28 13:52:54,915 INFO: [Logout] [059d55d7-1ae9-4125-94a7-0e46512d7664]: Start
2021-06-28 13:52:54,962 INFO: [Logout] [b100b737-c144-43bb-a9a7-81119ac76f6c]: Start
2021-06-28 13:52:54,971 INFO: [GetUserInfo] [8e922583-c079-4dab-9e38-16a840c2fece]: Start
2021-06-28 13:52:54,991 INFO: [SortList] [4d27813b-57ff-4712-8427-634e34652009]: End
2021-06-28 13:52:55,021 INFO: [GetUserInfo] [47e36992-ba66-4fa1-8709-ad808e62c43c]: Start
2021-06-28 13:52:55,058 INFO: [GetUserInfo] [0af6517a-22c4-4d77-97cd-317b8c8075da]: End
2021-06-28 13:52:55,113 INFO: [Logout] [42ca1011-9432-4b8e-a153-70550628c8b2]: Start
2021-06-28 13:52:55,136 INFO: [Login] [9cb4a8e1-5ced-47f5-b61c-40dcf16adfcc]: Start
2021-06-28 13:52:55,138 INFO: [GetUserInfo] [1d4877e2-fa73-4eb3-94f3-23f575e3f0c8]: Start
2021-06-28 13:52:55,139 INFO: [Logout] [63a1b698-846c-4050-8136-c9aa601c836a]: Start
2021-06-28 13:52:55,155 INFO: [GetUserInfo] [244edbe8-14f5-419e-b95c-d2d616bb95fe]: Start
2021-06-28 13:52:55,162 INFO: [SortList] [c4afdf92-3e75-41ca-838b-53955b5e23b1]: Start
2021-06-28 13:52:55,169 INFO: [Logout] [f3647fee-24f4-40df-9df3-03f4299c9e76]: Start
2021-06-28 13:52:55,189 INFO: [SortList] [709b21b7-c299-4f0b-bbcf-0ab332de93db]: Start
2021-06-28 13:52:55,223 INFO: [GetUserInfo] [e141970d-0653-4de8-bebc-d45fc60cbf90]: Start
2021-06-28 13:52:55,243 INFO: [GetUserInfo] [e590c257-e280-4ffa-9d30-028ae7fcb9a5]: End
2021-06-28 13:52:55,268 INFO: [AddItem] [b707ead2-c7b8-44bb-8129-4df7e15152c5]: Start
2021-06-28 13:52:55,271 INFO: [FindLowestPrice] [455482f7-4812-4b80-ad5a-ae4b7b245f9d]: Start
2021-06-28 13:52:55,286 INFO: [DeleteItem] [f93246e0-be27-46ca-bb3e-770caaa13023]: Start
2021-06-28 13:52:55,296 INFO: [SortList] [1502fb77-0402-4890-80bf-c77c2efbe52f]: End
2021-06-28 13:52:55,314 INFO: [UpdateUser] [28157ce5-9494-41e9-9c5e-48120292e6ef]: End
2021-06-28 13:52:55,317 INFO: [DeleteItem] [2f96abe6-3838-4cb9-a8b1-9f1eada82331]: End
2021-06-28 13:52:55,339 INFO: [FindLowestPrice] [74f688b2-c37e-4b76-a9d8-5230a0d15d5b]: Start
2021-06-28 13:52:55,339 INFO: [SortList] [eaf12c1a-4dd4-4332-a5ea-c4976a1ab91d]: End
2021-06-28 13:52:55,343 INFO: [DeleteItem] [5afe1519-ebbd-4f1e-804a-0fbcdc5c66b0]: End
2021-06-28 13:52:55,351 INFO: [AddItem] [7832b3a3-af28-42d2-b169-f46ff7723c61]: Start
2021-06-28 13:52:55,381 INFO: [Login] [c2a8e679-ea50-4934-999a-dcf934b9ccd6]: End
2021-06-28 13:52:55,388 INFO: [GetUserInfo] [a31a8222-2971-4b3c-9ce4-aba5be1737ad]: End
2021-06-28 13:52:55,408 INFO: [SortList] [210a0f6e-10bf-4e90-a63e-9eb2cc1b1934]: Start
2021-06-28 13:52:55,422 INFO: [FindLowestPrice] [00ae7e22-fd60-47eb-a1be-0499c635d9c2]: Start
2021-06-28 13:52:55,433 INFO: [Login] [6d9c37ad-7884-4c88-ad69-bd177c964a8c]: End
2021-06-28 13:52:55,452 INFO: [UpdateUser] [e30aef1d-449a-47e4-8dd7-938f1a023f7f]: Start
2021-06-28 13:52:55,473 INFO: [AddItem] [2efd8584-2a2f-4ef6-86a7-909bf8c4f371]: End
2021-06-28 13:52:55,484 INFO: [Login] [e74cf24f-10ec-4d59-8d12-badf9b87a209]: End
2021-06-28 13:52:55,506 INFO: [GetUserInfo] [6949b75b-c2f5-4fa9-b3d8-824a0d62aa64]: End
2021-06-28 13:52:55,531 INFO: [SortList] [0001b968-ee45-4f89-ac48-ece841a45882]: End
2021-06-28 13:52:55,533 INFO: [Logout] [7ebf7026-8490-4502-87d0-82defa83f28f]: End
2021-06-28 13:52:55,546 INFO: [DeleteItem] [97ac6ae9-49b8-4f0d-9523-ca18d471d945]: End
2021-06-28 13:52:55,565 INFO: [UpdateUser] [b3419af0-2955-4249-93c6-ca6a8327c8db]: End
2021-06-28 13:52:55,601 INFO: [Logout] [55ff8502-4493-4b4c-abbf-db1ac104b91d]: End
2021-06-28 13:52:55,610 INFO: [DeleteItem] [1c7d7064-7497-496a-ad56-1100d6cb2536]: End
2021-06-28 13:52:55,622 INFO: [SortList] [e9319ca1-102d-4db8-a61e-c10508d03869]: End
2021-06-28 13:52:55,631 INFO: [DeleteItem] [ba6b8ea7-847d-44ab-8ffe-538acb0317a9]: End
2021-06-28 13:52:55,632 INFO: [Login] [fcddeb22-cfc7-47d5-bfb4-6b53f043fd25]: Start
2021-06-28 13:52:55,654 INFO: [DeleteItem] [d30c855a-9d52-44bc-9d20-36feff75ad30]: End
2021-06-28 13:52:55,685 INFO: [FindLowestPrice] [500b616e-091a-492e-be74-33727284c1e6]: End
2021-06-28 13:52:55,692 INFO: [AddItem] [b93f7c25-2c37-47ac-983c-7dc2b506afc7]: End
2021-06-28 13:52:55,735 INFO: [FindLowestPrice] [60acbf02-113d-4bbd-8ee0-c9a51d806c59]: End
2021-06-28 13:52:55,738 INFO: [Logout] [5eec99e3-aecb-49df-b88f-e49505306c21]: Start
2021-06-28 13:52:55,739 INFO: [AddItem] [f97213f9-c18b-4fbc-a170-377e23907cdf]: Start
2021-06-28 13:52:55,742 INFO: [Login] [5f81237b-9e10-4936-8134-b229e75d287b]: End
2021-06-28 13:52:55,767 INFO: [AddItem] [2bd91689-ebe8-4bae-b09a-44b2a1516563]: End
2021-06-28 13:52:55,796 INFO: [SortList] [d0ef80a4-464b-4b08-acb5-ed8864554b82]: End
2021-06-28 13:52:55,813 INFO: [GetUserInfo] [051aab9b-00c7-46c4-952b-703ceca96f33]: Start
2021-06-28 13:52:55,831 INFO: [SortList] [11d4ac4c-4913-4f17-8ed2-62be8da0f0be]: Start
2021-06-28 13:52:55,837 INFO: [UpdateUser] [34b47502-d1ee-4eeb-9169-f9fe28645548]: End
2021-06-28 13:52:55,839 INFO: [DeleteItem] [e61bfc76-2123-41a0-8f09-b544bc362dcc]: End
2021-06-28 13:52:55,844 INFO: [DeleteItem] [60c20c6b-34a0-4b0b-95af-f0f54929f037]: End
2021-06-28 13:52:55,856 INFO: [SortList] [0288ba1d-521e-496f-b389-a0ee775ae91f]: End
2021-06-28 13:52:55,863 INFO: [FindLowestPrice] [ab273561-bf01-46c2-a549-82dc82116aac]: Start
2021-06-28 13:52:55,867 INFO: [Login] [da1741ae-b3c3-4947-ad3e-b39c8158f934]: Start
2021-06-28 13:52:55,873 INFO: [FindLowestPrice] [e1c5225d-61db-4f50-97b9-161b886b6664]: Start
2021-06-28 13:52:55,924 INFO: [UpdateUser] [7c02d4c5-4df9-4092-9c33-338d68a8a58d]: Start
2021-06-28 13:52:55,958 INFO: [DeleteItem] [0fac55f3-2b39-4a87-8c39-24bdaf12d1d9]: End
2021-06-28 13:52:55,989 INFO: [Logout] [62aef86f-863a-4ec4-b33c-64fc6ba3b8e9]: End
2021-06-28 13:52:55,995 INFO: [AddItem] [38a25cbd-2841-4e3f-b625-570720602e2d]: Start
2021-06-28 13:52:56,034 INFO: [DeleteItem] [a2e7d25e-f29e-45c1-8558-835ca50d20d5]: End
2021-06-28 13:52:56,050 INFO: [DeleteItem] [fd5647a4-b9b1-4624-8d41-33303fa7ecc8]: End
2021-06-28 13:52:56,129 INFO: [GetUserInfo] [13a63104-c832-408c-91e3-0b50ece0b82c]: End
2021-06-28 13:52:56,142 INFO: [DeleteItem] [7ffad07b-5528-42c0-85d9-7c00b5be848b]: End
2021-06-28 13:52:56,156 INFO: [GetUserInfo] [1d4877e2-fa73-4eb3-94f3-23f575e3f0c8]: End
2021-06-28 13:52:56,167 INFO: [SortList] [b959f184-590a-42db-a51a-79f6aa3edf39]: Start
2021-06-28 13:52:56,175 INFO: [Login] [68c42570-f8c9-4ee6-b6c5-b46cf7f531bd]: Start
2021-06-28 13:52:56,186 INFO: [GetUserInfo] [47e36992-ba66-4fa1-8709-ad808e62c43c]: End
2021-06-28 13:52:56,238 INFO: [AddItem] [1e535f63-69d0-4f9c-b3dc-df368e379ce6]: Start
2021-06-28 13:52:56,274 INFO: [Logout] [d96f8f29-ffc9-4825-bbd0-a275f97ad37a]: Start
2021-06-28 13:52:56,277 INFO: [GetUserInfo] [cde32543-b0d5-4f7c-aa2c-d837bff3c18a]: Start
2021-06-28 13:52:56,283 INFO: [SortList] [83a7266c-6bf1-420c-84da-33b160ca0f75]: Start
2021-06-28 13:52:56,301 INFO: [DeleteItem] [26516291-14f6-470a-a262-134d1eb76eaa]: End
2021-06-28 13:52:56,306 INFO: [FindLowestPrice] [97983390-f8ea-4696-8328-b4495aa93334]: End
2021-06-28 13:52:56,320 INFO: [Logout] [059d55d7-1ae9-4125-94a7-0e46512d7664]: End
2021-06-28 13:52:56,322 INFO: [FindLowestPrice] [455482f7-4812-4b80-ad5a-ae4b7b245f9d]: End
2021-06-28 13:52:56,349 INFO: [GetUserInfo] [e141970d-0653-4de8-bebc-d45fc60cbf90]: End
2021-06-28 13:52:56,357 INFO: [GetUserInfo] [244edbe8-14f5-419e-b95c-d2d616bb95fe]: End
2021-06-28 13:52:56,372 INFO: [AddItem] [4ee6cd8f-5786-4938-bcda-b10e871223e4]: End
2021-06-28 13:52:56,382 INFO: [FindLowestPrice] [32c4b8b0-6737-4611-8592-a62759df20e8]: Start
2021-06-28 13:52:56,386 INFO: [UpdateUser] [17b9ac98-48ae-44a6-9868-301383753373]: Start
2021-06-28 13:52:56,396 INFO: [FindLowestPrice] [9258eed5-b551-47cf-8313-5d704c9375b2]: Start
2021-06-28 13:52:56,414 INFO: [DeleteItem] [fc4cecc0-5dc5-4ed8-a5f8-975002c55b57]: Start
2021-06-28 13:52:56,417 INFO: [UpdateUser] [fdd02650-2522-4f02-aedc-6bb373e6e568]: Start
2021-06-28 13:52:56,422 INFO: [SortList] [c4afdf92-3e75-41ca-838b-53955b5e23b1]: End
2021-06-28 13:52:56,426 INFO: [Logout] [63a1b698-846c-4050-8136-c9aa601c836a]: End
2021-06-28 13:52:56,433 INFO: [DeleteItem] [191ef94d-e55d-4b96-8dba-7831c58dd401]: Start
2021-06-28 13:52:56,442 INFO: [SortList] [709b21b7-c299-4f0b-bbcf-0ab332de93db]: End
2021-06-28 13:52:56,480 INFO: [Logout] [99706bbb-252e-4310-a2ed-8cb8546a6a5d]: Start
2021-06-28 13:52:56,481 INFO: [Logout] [e8e4f88b-6a58-48a5-9225-8a507439bc4a]: Start
2021-06-28 13:52:56,520 INFO: [Login] [49ef1e6d-f526-42af-8fdf-1f4b5be69cc7]: Start
2021-06-28 13:52:56,530 INFO: [GetUserInfo] [1bf0dce8-b97a-4f3a-ae74-96afdcfc6ec1]: Start
2021-06-28 13:52:56,555 INFO: [UpdateUser] [2a717c9f-6dbc-4c58-a931-77a81a41f996]: End
2021-06-28 13:52:56,558 INFO: [SortList] [8b10434f-bb06-41d4-88e0-0dfe399d3e19]: End
2021-06-28 13:52:56,563 INFO: [Logout] [42ca1011-9432-4b8e-a153-70550628c8b2]: End
2021-06-28 13:52:56,585 INFO: [Login] [03514836-6ea7-4be9-bed9-9c3f67153795]: Start
2021-06-28 13:52:56,623 INFO: [Login] [9cb4a8e1-5ced-47f5-b61c-40dcf16adfcc]: End
2021-06-28 13:52:56,666 INFO: [Logout] [b100b737-c144-43bb-a9a7-81119ac76f6c]: End
2021-06-28 13:52:56,679 INFO: [FindLowestPrice] [c6d0ebe7-d265-4982-99c6-534662ffbeae]: Start
2021-06-28 13:52:56,715 INFO: [UpdateUser] [5461bcb2-a5fe-4153-b910-c66e4d789fb9]: Start
2021-06-28 13:52:56,719 INFO: [Login] [ad8fe2b4-6f35-4b8a-9b2b-5ce33cbe41a6]: Start
2021-06-28 13:52:56,727 INFO: [Login] [bd2cd8ee-70a0-444c-8ad0-5c65f73b7a23]: Start
2021-06-28 13:52:56,744 INFO: [UpdateUser] [12ca139b-ef51-48bc-8905-05f6731676e2]: End
2021-06-28 13:52:56,745 INFO: [AddItem] [ba0bcc61-937f-4b83-bd34-216138bf8cc2]: Start
2021-06-28 13:52:56,755 INFO: [Login] [57254a17-b7db-4704-9c2a-5dc1ddf1b90f]: Start
2021-06-28 13:52:56,756 INFO: [GetUserInfo] [9bdc0429-3d21-4138-8e32-8e5ea35c46b0]: Start
2021-06-28 13:52:56,760 INFO: [Login] [8c6216ab-6b52-4a49-824c-ef9130242ef7]: Start
2021-06-28 13:52:56,768 INFO: [AddItem] [7832b3a3-af28-42d2-b169-f46ff7723c61]: End
2021-06-28 13:52:56,778 INFO: [Logout] [f0fc1a08-1fa6-46fc-8fae-6f9f03fb9654]: Start
2021-06-28 13:52:56,781 INFO: [FindLowestPrice] [921e6636-d9cd-4d30-9940-16810473230f]: End
2021-06-28 13:52:56,792 INFO: [SortList] [210a0f6e-10bf-4e90-a63e-9eb2cc1b1934]: End
2021-06-28 13:52:56,812 INFO: [Login] [56bbee37-6936-4f44-b8d4-de18c1b650d9]: Start
2021-06-28 13:52:56,828 INFO: [GetUserInfo] [051aab9b-00c7-46c4-952b-703ceca96f33]: End
2021-06-28 13:52:56,835 INFO: [Logout] [44083ecf-2a91-4bfc-9a3c-9b6f071c386c]: Start
2021-06-28 13:52:56,862 INFO: [UpdateUser] [c0be32b8-b433-4c9c-b66f-2c20d86d2ff8]: Start
2021-06-28 13:52:56,871 INFO: [GetUserInfo] [9711c801-2eff-4cc8-a0d4-10e2418c6ff5]: Start
2021-06-28 13:52:56,890 INFO: [GetUserInfo] [43784462-b824-4136-9725-06b7b5b62967]: Start
2021-06-28 13:52:56,902 INFO: [SortList] [5cc071ce-5f6a-4b60-a2f8-67a1c7f0c1f5]: Start
2021-06-28 13:52:56,915 INFO: [FindLowestPrice] [cbea5527-2d4e-4080-8202-f766c3ff9aaf]: Start
2021-06-28 13:52:56,916 INFO: [UpdateUser] [961e90c5-d4a8-4dba-b81a-63084d4d81a6]: End
2021-06-28 13:52:56,936 INFO: [AddItem] [1f89a4f6-75bc-4c44-a15d-28afabad23ff]: Start
2021-06-28 13:52:56,953 INFO: [GetUserInfo] [8e922583-c079-4dab-9e38-16a840c2fece]: End
2021-06-28 13:52:56,959 INFO: [UpdateUser] [e30aef1d-449a-47e4-8dd7-938f1a023f7f]: End
2021-06-28 13:52:57,006 INFO: [Logout] [f3647fee-24f4-40df-9df3-03f4299c9e76]: End
2021-06-28 13:52:57,030 INFO: [DeleteItem] [f93246e0-be27-46ca-bb3e-770caaa13023]: End
2021-06-28 13:52:57,040 INFO: [FindLowestPrice] [e1c5225d-61db-4f50-97b9-161b886b6664]: End
2021-06-28 13:52:57,092 INFO: [AddItem] [06a92eee-4498-42f2-84de-367dec6d6845]: Start
2021-06-28 13:52:57,113 INFO: [AddItem] [cb722bf6-1e97-4501-8673-00c331a8f87b]: Start
2021-06-28 13:52:57,143 INFO: [FindLowestPrice] [0777579d-9852-427d-9b0a-b9300a6dd3b6]: Start
2021-06-28 13:52:57,160 INFO: [FindLowestPrice] [74f688b2-c37e-4b76-a9d8-5230a0d15d5b]: End
2021-06-28 13:52:57,166 INFO: [FindLowestPrice] [00ae7e22-fd60-47eb-a1be-0499c635d9c2]: End
2021-06-28 13:52:57,178 INFO: [AddItem] [17a3de8f-2d83-4cdc-87f7-ec8d4bfaa26b]: Start
2021-06-28 13:52:57,205 INFO: [DeleteItem] [69b562e9-330f-4608-8ef7-986b8f007ad9]: Start
2021-06-28 13:52:57,224 INFO: [Login] [5937a9ae-6b10-4fce-b865-f7bb5617252a]: Start
2021-06-28 13:52:57,238 INFO: [SortList] [5c41a4d3-c723-459c-b960-0a4273cfa35b]: Start
2021-06-28 13:52:57,245 INFO: [AddItem] [b707ead2-c7b8-44bb-8129-4df7e15152c5]: End
2021-06-28 13:52:57,246 INFO: [SortList] [0a55292a-3b77-47b6-9140-898026eaa724]: Start
2021-06-28 13:52:57,275 INFO: [AddItem] [38a25cbd-2841-4e3f-b625-570720602e2d]: End
2021-06-28 13:52:57,293 INFO: [FindLowestPrice] [ab273561-bf01-46c2-a549-82dc82116aac]: End
2021-06-28 13:52:57,333 INFO: [Login] [da1741ae-b3c3-4947-ad3e-b39c8158f934]: End
2021-06-28 13:52:57,345 INFO: [GetUserInfo] [4c73acd9-78be-4e92-a31f-8000d3b5dc7c]: Start
2021-06-28 13:52:57,356 INFO: [FindLowestPrice] [b60d89cf-e788-4c11-9a0f-cdb363671f11]: Start
2021-06-28 13:52:57,360 INFO: [Login] [61187a9f-dd14-49d9-b766-80ca42c6c1a3]: Start
2021-06-28 13:52:57,377 INFO: [FindLowestPrice] [05894308-f5b9-4308-898f-8d497b6ef2fc]: Start
2021-06-28 13:52:57,383 INFO: [AddItem] [a0fcd82d-c8f0-48b3-b702-ca8f8f145a6d]: Start
2021-06-28 13:52:57,406 INFO: [SortList] [b959f184-590a-42db-a51a-79f6aa3edf39]: End
2021-06-28 13:52:57,436 INFO: [Login] [68c42570-f8c9-4ee6-b6c5-b46cf7f531bd]: End
2021-06-28 13:52:57,473 INFO: [UpdateUser] [582b0fdc-e7b8-4a64-97ad-e4012f92c904]: Start
2021-06-28 13:52:57,531 INFO: [SortList] [3fd049da-cbad-41b7-918b-5778a2274b7b]: Start
2021-06-28 13:52:57,562 INFO: [FindLowestPrice] [42b9f2ee-4940-4b99-aa55-7a3bd4c48af8]: Start
2021-06-28 13:52:57,565 INFO: [UpdateUser] [e1a3fa3b-789d-4c4a-b05b-955321a32324]: Start
2021-06-28 13:52:57,604 INFO: [Logout] [8326dd0f-1c6f-43b5-9b2a-94717d1f3188]: Start
2021-06-28 13:52:57,615 INFO: [UpdateUser] [7c02d4c5-4df9-4092-9c33-338d68a8a58d]: End
2021-06-28 13:52:57,651 INFO: [SortList] [83a7266c-6bf1-420c-84da-33b160ca0f75]: End
2021-06-28 13:52:57,662 INFO: [Login] [fcddeb22-cfc7-47d5-bfb4-6b53f043fd25]: End
2021-06-28 13:52:57,670 INFO: [Logout] [d96f8f29-ffc9-4825-bbd0-a275f97ad37a]: End
2021-06-28 13:52:57,679 INFO: [Logout] [5eec99e3-aecb-49df-b88f-e49505306c21]: End
2021-06-28 13:52:57,679 INFO: [SortList] [11d4ac4c-4913-4f17-8ed2-62be8da0f0be]: End
2021-06-28 13:52:57,701 INFO: [AddItem] [f97213f9-c18b-4fbc-a170-377e23907cdf]: End
2021-06-28 13:52:57,704 INFO: [GetUserInfo] [cde32543-b0d5-4f7c-aa2c-d837bff3c18a]: End
2021-06-28 13:52:57,724 INFO: [FindLowestPrice] [9258eed5-b551-47cf-8313-5d704c9375b2]: End
2021-06-28 13:52:57,734 INFO: [FindLowestPrice] [5ae82b58-e11d-4e3c-a821-72e3af2880ff]: Start
2021-06-28 13:52:57,735 INFO: [SortList] [f1f339b1-3388-4493-bc41-c3322b65b920]: Start
2021-06-28 13:52:57,770 INFO: [FindLowestPrice] [96aea506-22f6-42fc-9047-e95ffd3617f0]: Start
2021-06-28 13:52:57,785 INFO: [UpdateUser] [7e682dd3-e5da-4bc4-b72d-58305620ae5f]: Start
2021-06-28 13:52:57,789 INFO: [DeleteItem] [191ef94d-e55d-4b96-8dba-7831c58dd401]: End
2021-06-28 13:52:57,789 INFO: [Login] [49ef1e6d-f526-42af-8fdf-1f4b5be69cc7]: End
2021-06-28 13:52:57,828 INFO: [Logout] [2075de99-b503-400d-b46d-a4cd2d64a3ff]: Start
2021-06-28 13:52:57,828 INFO: [UpdateUser] [a21b0d0f-56f6-440c-913c-41fb2448df3d]: Start
2021-06-28 13:52:57,863 INFO: [Logout] [44083ecf-2a91-4bfc-9a3c-9b6f071c386c]: End
2021-06-28 13:52:57,867 INFO: [DeleteItem] [1d535b6f-9692-4ebf-9c72-19c199b63b55]: Start
2021-06-28 13:52:57,892 INFO: [FindLowestPrice] [473ce97a-a3fd-4873-9f05-d1c825b9ba73]: Start
2021-06-28 13:52:57,949 INFO: [GetUserInfo] [f6c9cf3a-3558-415c-99af-6dca445fb1f1]: Start
2021-06-28 13:52:57,951 INFO: [Login] [60d25e6c-c32f-45a0-a3b8-0240dc012376]: Start
2021-06-28 13:52:57,967 INFO: [FindLowestPrice] [0976e490-1ba5-4f35-a03f-5b3b3b8058cc]: Start
2021-06-28 13:52:57,988 INFO: [GetUserInfo] [1bf0dce8-b97a-4f3a-ae74-96afdcfc6ec1]: End
2021-06-28 13:52:58,000 INFO: [Logout] [e184946c-e2ad-428b-b4c6-15ad128fc719]: Start
2021-06-28 13:52:58,007 INFO: [FindLowestPrice] [30e34a27-a013-4168-98d0-e418d84c47e7]: Start
2021-06-28 13:52:58,019 INFO: [UpdateUser] [17b9ac98-48ae-44a6-9868-301383753373]: End
2021-06-28 13:52:58,040 INFO: [UpdateUser] [550427b3-b218-4efb-85b2-858796d54796]: Start
2021-06-28 13:52:58,045 INFO: [DeleteItem] [fc4cecc0-5dc5-4ed8-a5f8-975002c55b57]: End
2021-06-28 13:52:58,046 INFO: [SortList] [e18d27d9-618c-4b54-b020-d9fc3ff879a9]: Start
2021-06-28 13:52:58,053 INFO: [Login] [bd2cd8ee-70a0-444c-8ad0-5c65f73b7a23]: End
2021-06-28 13:52:58,071 INFO: [GetUserInfo] [9711c801-2eff-4cc8-a0d4-10e2418c6ff5]: End
2021-06-28 13:52:58,079 INFO: [FindLowestPrice] [c6d0ebe7-d265-4982-99c6-534662ffbeae]: End
2021-06-28 13:52:58,086 INFO: [Login] [3667b829-2349-4375-9a5a-1f71c6d28a77]: Start
2021-06-28 13:52:58,093 INFO: [UpdateUser] [5461bcb2-a5fe-4153-b910-c66e4d789fb9]: End
2021-06-28 13:52:58,094 INFO: [GetUserInfo] [9bdc0429-3d21-4138-8e32-8e5ea35c46b0]: End
2021-06-28 13:52:58,120 INFO: [DeleteItem] [4013ef84-2c0e-4298-9f8b-567bdb21ecc6]: Start
2021-06-28 13:52:58,125 INFO: [FindLowestPrice] [1b770df2-5718-4379-84e9-50804b1781bb]: Start
2021-06-28 13:52:58,135 INFO: [FindLowestPrice] [32c4b8b0-6737-4611-8592-a62759df20e8]: End
2021-06-28 13:52:58,144 INFO: [Logout] [e8e4f88b-6a58-48a5-9225-8a507439bc4a]: End
2021-06-28 13:52:58,163 INFO: [Login] [8c6216ab-6b52-4a49-824c-ef9130242ef7]: End
2021-06-28 13:52:58,198 INFO: [DeleteItem] [97fd8bcd-8ad5-43aa-94dc-105209519ca0]: Start
2021-06-28 13:52:58,199 INFO: [FindLowestPrice] [b4dbd4bf-1754-4f16-84ff-79ec3fd7f4e7]: Start
2021-06-28 13:52:58,206 INFO: [AddItem] [1e535f63-69d0-4f9c-b3dc-df368e379ce6]: End
2021-06-28 13:52:58,224 INFO: [GetUserInfo] [43784462-b824-4136-9725-06b7b5b62967]: End
2021-06-28 13:52:58,229 INFO: [Logout] [99706bbb-252e-4310-a2ed-8cb8546a6a5d]: End
2021-06-28 13:52:58,274 INFO: [FindLowestPrice] [7c73f536-2bd1-4d1c-a8ca-99cf70f5bba1]: Start
2021-06-28 13:52:58,310 INFO: [AddItem] [06a92eee-4498-42f2-84de-367dec6d6845]: End
2021-06-28 13:52:58,319 INFO: [FindLowestPrice] [3359bd6e-139d-4154-a05d-7ef461c50d41]: Start
2021-06-28 13:52:58,322 INFO: [AddItem] [90e8b20e-a8b1-474a-ab06-3066a76c9906]: Start
2021-06-28 13:52:58,336 INFO: [Login] [03514836-6ea7-4be9-bed9-9c3f67153795]: End
2021-06-28 13:52:58,337 INFO: [Login] [ad8fe2b4-6f35-4b8a-9b2b-5ce33cbe41a6]: End
2021-06-28 13:52:58,356 INFO: [Login] [faaaf256-ec48-4ee3-a8a3-69e940d5cdff]: Start
2021-06-28 13:52:58,357 INFO: [FindLowestPrice] [d16d4d34-db80-40fb-95a9-085e30847008]: Start
2021-06-28 13:52:58,361 INFO: [AddItem] [1f89a4f6-75bc-4c44-a15d-28afabad23ff]: End
2021-06-28 13:52:58,384 INFO: [GetUserInfo] [4c73acd9-78be-4e92-a31f-8000d3b5dc7c]: End
2021-06-28 13:52:58,410 INFO: [SortList] [5cc071ce-5f6a-4b60-a2f8-67a1c7f0c1f5]: End
2021-06-28 13:52:58,413 INFO: [Login] [0a97aaa2-559b-4515-b2af-24257b3a1969]: Start
2021-06-28 13:52:58,425 INFO: [UpdateUser] [966cb1db-2392-4ca8-b42e-aae99a032b45]: Start
2021-06-28 13:52:58,427 INFO: [GetUserInfo] [4c3edeb4-595f-4f20-8c64-8e28ac2fc3d0]: Start
2021-06-28 13:52:58,463 INFO: [AddItem] [b8ffc144-585d-4909-98ac-7228eb94b9c1]: Start
2021-06-28 13:52:58,466 INFO: [Login] [fa0eac05-4bbd-47bf-93bc-9e188730c8d5]: Start
2021-06-28 13:52:58,499 INFO: [SortList] [89d5f204-eb46-478e-a5b8-d41088c394f3]: Start
2021-06-28 13:52:58,501 INFO: [FindLowestPrice] [df9bdd5f-69f3-4580-9a66-55a43da6e5e3]: Start
2021-06-28 13:52:58,541 INFO: [SortList] [6a546eca-dcfb-46e2-ac02-8bbf790a90e5]: Start
2021-06-28 13:52:58,541 INFO: [Logout] [f0fc1a08-1fa6-46fc-8fae-6f9f03fb9654]: End
2021-06-28 13:52:58,545 INFO: [Logout] [3ceaf848-df23-48eb-90e5-d4c3e04748ee]: Start
2021-06-28 13:52:58,547 INFO: [Login] [5937a9ae-6b10-4fce-b865-f7bb5617252a]: End
2021-06-28 13:52:58,558 INFO: [Logout] [7048d997-3281-4c80-95b6-5dcd3e11a3ba]: Start
2021-06-28 13:52:58,566 INFO: [UpdateUser] [ba6f218e-5f48-4ce3-9e57-edd2e3af0d84]: Start
2021-06-28 13:52:58,573 INFO: [GetUserInfo] [8bf48975-3580-42dc-bc90-d3b1cc92d764]: Start
2021-06-28 13:52:58,582 INFO: [FindLowestPrice] [42b9f2ee-4940-4b99-aa55-7a3bd4c48af8]: End
2021-06-28 13:52:58,583 INFO: [UpdateUser] [e1a3fa3b-789d-4c4a-b05b-955321a32324]: End
2021-06-28 13:52:58,597 INFO: [UpdateUser] [c0be32b8-b433-4c9c-b66f-2c20d86d2ff8]: End
2021-06-28 13:52:58,601 INFO: [AddItem] [17a3de8f-2d83-4cdc-87f7-ec8d4bfaa26b]: End
2021-06-28 13:52:58,606 INFO: [GetUserInfo] [0384c7bd-3151-4955-a9a5-daf359bb366f]: Start
2021-06-28 13:52:58,649 INFO: [AddItem] [77993e28-f37f-47e2-a079-7afeb927eaf5]: Start
2021-06-28 13:52:58,666 INFO: [Login] [56bbee37-6936-4f44-b8d4-de18c1b650d9]: End
2021-06-28 13:52:58,681 INFO: [SortList] [3fd049da-cbad-41b7-918b-5778a2274b7b]: End
2021-06-28 13:52:58,712 INFO: [DeleteItem] [69b562e9-330f-4608-8ef7-986b8f007ad9]: End
2021-06-28 13:52:58,713 INFO: [Logout] [0260e841-533d-47e6-b945-93d1863f3abe]: Start
2021-06-28 13:52:58,718 INFO: [AddItem] [ba0bcc61-937f-4b83-bd34-216138bf8cc2]: End
2021-06-28 13:52:58,767 INFO: [AddItem] [cb722bf6-1e97-4501-8673-00c331a8f87b]: End
2021-06-28 13:52:58,794 INFO: [UpdateUser] [fe27e6e0-9d53-460d-b2f8-3185d2ffbd66]: Start
2021-06-28 13:52:58,802 INFO: [Logout] [490cae3f-fba8-4c68-994c-f51cf0082aa4]: Start
2021-06-28 13:52:58,807 INFO: [FindLowestPrice] [cbea5527-2d4e-4080-8202-f766c3ff9aaf]: End
2021-06-28 13:52:58,809 INFO: [UpdateUser] [26e04076-5fa5-41ce-a230-2ca5713506ea]: Start
